

Started GET "/" for 127.0.0.1 at 2015-03-03 10:44:40 -0500
  [1m[36mActiveRecord::SchemaMigration Load (0.9ms)[0m  [1mSELECT "schema_migrations".* FROM "schema_migrations"[0m
Processing by StaticPagesController#root as HTML
  Rendered shared/_templates.html (1.3ms)
  Rendered static_pages/root.html.erb within layouts/application (6.2ms)
Completed 500 Internal Server Error in 52ms

SyntaxError - syntax error, unexpected keyword_in, expecting ')'
'.freeze;     for (var attr in pokemon.attributes) { 
                              ^
/Users/appacademy/Desktop/pokedex-2-skeleton/app/views/shared/_templates.html:8: syntax error, unexpected '{', expecting :: or '[' or '.'
'.freeze;     for (var attr in pokemon.attributes) { 
                                                    ^
/Users/appacademy/Desktop/pokedex-2-skeleton/app/views/shared/_templates.html:9: syntax error, unexpected '='
... (pokemon.get(attr) && attr !== 'id' && attr !== 'image_url'...
...                               ^
/Users/appacademy/Desktop/pokedex-2-skeleton/app/views/shared/_templates.html:9: syntax error, unexpected '='
...r) && attr !== 'id' && attr !== 'image_url') { 
...                               ^
/Users/appacademy/Desktop/pokedex-2-skeleton/app/views/shared/_templates.html:9: syntax error, unexpected '{', expecting keyword_then or ';' or '\n'
...'id' && attr !== 'image_url') { 
...                               ^
/Users/appacademy/Desktop/pokedex-2-skeleton/app/views/shared/_templates.html:11: syntax error, unexpected ')', expecting keyword_end
'.freeze;       ); 
                 ^:
  app/views/shared/_templates.html:8:in `'
  actionview (4.1.1) lib/action_view/template.rb:297:in `compile'
  actionview (4.1.1) lib/action_view/template.rb:245:in `block (2 levels) in compile!'
  activesupport (4.1.1) lib/active_support/notifications.rb:161:in `instrument'
  actionview (4.1.1) lib/action_view/template.rb:339:in `instrument'
  actionview (4.1.1) lib/action_view/template.rb:244:in `block in compile!'
  actionview (4.1.1) lib/action_view/template.rb:232:in `compile!'
  actionview (4.1.1) lib/action_view/template.rb:144:in `block in render'
  activesupport (4.1.1) lib/active_support/notifications.rb:161:in `instrument'
  actionview (4.1.1) lib/action_view/template.rb:339:in `instrument'
  actionview (4.1.1) lib/action_view/template.rb:143:in `render'
  actionview (4.1.1) lib/action_view/renderer/partial_renderer.rb:306:in `render_partial'
  actionview (4.1.1) lib/action_view/renderer/partial_renderer.rb:279:in `block in render'
  actionview (4.1.1) lib/action_view/renderer/abstract_renderer.rb:38:in `block in instrument'
  activesupport (4.1.1) lib/active_support/notifications.rb:159:in `block in instrument'
  activesupport (4.1.1) lib/active_support/notifications/instrumenter.rb:20:in `instrument'
  activesupport (4.1.1) lib/active_support/notifications.rb:159:in `instrument'
  actionview (4.1.1) lib/action_view/renderer/abstract_renderer.rb:38:in `instrument'
  actionview (4.1.1) lib/action_view/renderer/partial_renderer.rb:278:in `render'
  actionview (4.1.1) lib/action_view/renderer/renderer.rb:47:in `render_partial'
  actionview (4.1.1) lib/action_view/helpers/rendering_helper.rb:35:in `render'
  app/views/static_pages/root.html.erb:1:in `_app_views_static_pages_root_html_erb__3005172320530889444_70126921370780'
  actionview (4.1.1) lib/action_view/template.rb:145:in `block in render'
  activesupport (4.1.1) lib/active_support/notifications.rb:161:in `instrument'
  actionview (4.1.1) lib/action_view/template.rb:339:in `instrument'
  actionview (4.1.1) lib/action_view/template.rb:143:in `render'
  actionview (4.1.1) lib/action_view/renderer/template_renderer.rb:55:in `block (2 levels) in render_template'
  actionview (4.1.1) lib/action_view/renderer/abstract_renderer.rb:38:in `block in instrument'
  activesupport (4.1.1) lib/active_support/notifications.rb:159:in `block in instrument'
  activesupport (4.1.1) lib/active_support/notifications/instrumenter.rb:20:in `instrument'
  activesupport (4.1.1) lib/active_support/notifications.rb:159:in `instrument'
  actionview (4.1.1) lib/action_view/renderer/abstract_renderer.rb:38:in `instrument'
  actionview (4.1.1) lib/action_view/renderer/template_renderer.rb:54:in `block in render_template'
  actionview (4.1.1) lib/action_view/renderer/template_renderer.rb:62:in `render_with_layout'
  actionview (4.1.1) lib/action_view/renderer/template_renderer.rb:53:in `render_template'
  actionview (4.1.1) lib/action_view/renderer/template_renderer.rb:17:in `render'
  actionview (4.1.1) lib/action_view/renderer/renderer.rb:42:in `render_template'
  actionview (4.1.1) lib/action_view/renderer/renderer.rb:23:in `render'
  actionview (4.1.1) lib/action_view/rendering.rb:99:in `_render_template'
  actionpack (4.1.1) lib/action_controller/metal/streaming.rb:217:in `_render_template'
  actionview (4.1.1) lib/action_view/rendering.rb:82:in `render_to_body'
  actionpack (4.1.1) lib/action_controller/metal/rendering.rb:32:in `render_to_body'
  actionpack (4.1.1) lib/action_controller/metal/renderers.rb:32:in `render_to_body'
  actionpack (4.1.1) lib/abstract_controller/rendering.rb:25:in `render'
  actionpack (4.1.1) lib/action_controller/metal/rendering.rb:16:in `render'
  actionpack (4.1.1) lib/action_controller/metal/instrumentation.rb:41:in `block (2 levels) in render'
  activesupport (4.1.1) lib/active_support/core_ext/benchmark.rb:12:in `block in ms'
  /usr/local/var/rbenv/versions/2.1.2/lib/ruby/2.1.0/benchmark.rb:294:in `realtime'
  activesupport (4.1.1) lib/active_support/core_ext/benchmark.rb:12:in `ms'
  actionpack (4.1.1) lib/action_controller/metal/instrumentation.rb:41:in `block in render'
  actionpack (4.1.1) lib/action_controller/metal/instrumentation.rb:84:in `cleanup_view_runtime'
  activerecord (4.1.1) lib/active_record/railties/controller_runtime.rb:25:in `cleanup_view_runtime'
  actionpack (4.1.1) lib/action_controller/metal/instrumentation.rb:40:in `render'
  app/controllers/static_pages_controller.rb:3:in `root'
  actionpack (4.1.1) lib/action_controller/metal/implicit_render.rb:4:in `send_action'
  actionpack (4.1.1) lib/abstract_controller/base.rb:189:in `process_action'
  actionpack (4.1.1) lib/action_controller/metal/rendering.rb:10:in `process_action'
  actionpack (4.1.1) lib/abstract_controller/callbacks.rb:20:in `block in process_action'
  activesupport (4.1.1) lib/active_support/callbacks.rb:113:in `call'
  activesupport (4.1.1) lib/active_support/callbacks.rb:229:in `block in halting'
  activesupport (4.1.1) lib/active_support/callbacks.rb:166:in `block in halting'
  activesupport (4.1.1) lib/active_support/callbacks.rb:86:in `run_callbacks'
  actionpack (4.1.1) lib/abstract_controller/callbacks.rb:19:in `process_action'
  actionpack (4.1.1) lib/action_controller/metal/rescue.rb:29:in `process_action'
  actionpack (4.1.1) lib/action_controller/metal/instrumentation.rb:31:in `block in process_action'
  activesupport (4.1.1) lib/active_support/notifications.rb:159:in `block in instrument'
  activesupport (4.1.1) lib/active_support/notifications/instrumenter.rb:20:in `instrument'
  activesupport (4.1.1) lib/active_support/notifications.rb:159:in `instrument'
  actionpack (4.1.1) lib/action_controller/metal/instrumentation.rb:30:in `process_action'
  actionpack (4.1.1) lib/action_controller/metal/params_wrapper.rb:250:in `process_action'
  activerecord (4.1.1) lib/active_record/railties/controller_runtime.rb:18:in `process_action'
  actionpack (4.1.1) lib/abstract_controller/base.rb:136:in `process'
  actionview (4.1.1) lib/action_view/rendering.rb:30:in `process'
  actionpack (4.1.1) lib/action_controller/metal.rb:195:in `dispatch'
  actionpack (4.1.1) lib/action_controller/metal/rack_delegation.rb:13:in `dispatch'
  actionpack (4.1.1) lib/action_controller/metal.rb:231:in `block in action'
  actionpack (4.1.1) lib/action_dispatch/routing/route_set.rb:80:in `dispatch'
  actionpack (4.1.1) lib/action_dispatch/routing/route_set.rb:48:in `call'
  actionpack (4.1.1) lib/action_dispatch/journey/router.rb:71:in `block in call'
  actionpack (4.1.1) lib/action_dispatch/journey/router.rb:59:in `call'
  actionpack (4.1.1) lib/action_dispatch/routing/route_set.rb:676:in `call'
  rack (1.5.2) lib/rack/etag.rb:23:in `call'
  rack (1.5.2) lib/rack/conditionalget.rb:25:in `call'
  rack (1.5.2) lib/rack/head.rb:11:in `call'
  actionpack (4.1.1) lib/action_dispatch/middleware/params_parser.rb:27:in `call'
  actionpack (4.1.1) lib/action_dispatch/middleware/flash.rb:254:in `call'
  rack (1.5.2) lib/rack/session/abstract/id.rb:225:in `context'
  rack (1.5.2) lib/rack/session/abstract/id.rb:220:in `call'
  actionpack (4.1.1) lib/action_dispatch/middleware/cookies.rb:560:in `call'
  activerecord (4.1.1) lib/active_record/query_cache.rb:36:in `call'
  activerecord (4.1.1) lib/active_record/connection_adapters/abstract/connection_pool.rb:621:in `call'
  activerecord (4.1.1) lib/active_record/migration.rb:380:in `call'
  actionpack (4.1.1) lib/action_dispatch/middleware/callbacks.rb:29:in `block in call'
  activesupport (4.1.1) lib/active_support/callbacks.rb:82:in `run_callbacks'
  actionpack (4.1.1) lib/action_dispatch/middleware/callbacks.rb:27:in `call'
  actionpack (4.1.1) lib/action_dispatch/middleware/reloader.rb:73:in `call'
  actionpack (4.1.1) lib/action_dispatch/middleware/remote_ip.rb:76:in `call'
  better_errors (2.0.0) lib/better_errors/middleware.rb:84:in `protected_app_call'
  better_errors (2.0.0) lib/better_errors/middleware.rb:79:in `better_errors_call'
  better_errors (2.0.0) lib/better_errors/middleware.rb:57:in `call'
  actionpack (4.1.1) lib/action_dispatch/middleware/debug_exceptions.rb:17:in `call'
  actionpack (4.1.1) lib/action_dispatch/middleware/show_exceptions.rb:30:in `call'
  railties (4.1.1) lib/rails/rack/logger.rb:38:in `call_app'
  railties (4.1.1) lib/rails/rack/logger.rb:20:in `block in call'
  activesupport (4.1.1) lib/active_support/tagged_logging.rb:68:in `block in tagged'
  activesupport (4.1.1) lib/active_support/tagged_logging.rb:26:in `tagged'
  activesupport (4.1.1) lib/active_support/tagged_logging.rb:68:in `tagged'
  railties (4.1.1) lib/rails/rack/logger.rb:20:in `call'
  actionpack (4.1.1) lib/action_dispatch/middleware/request_id.rb:21:in `call'
  rack (1.5.2) lib/rack/methodoverride.rb:21:in `call'
  rack (1.5.2) lib/rack/runtime.rb:17:in `call'
  activesupport (4.1.1) lib/active_support/cache/strategy/local_cache_middleware.rb:26:in `call'
  rack (1.5.2) lib/rack/lock.rb:17:in `call'
  actionpack (4.1.1) lib/action_dispatch/middleware/static.rb:64:in `call'
  rack (1.5.2) lib/rack/sendfile.rb:112:in `call'
  railties (4.1.1) lib/rails/engine.rb:514:in `call'
  railties (4.1.1) lib/rails/application.rb:144:in `call'
  rack (1.5.2) lib/rack/lock.rb:17:in `call'
  rack (1.5.2) lib/rack/content_length.rb:14:in `call'
  rack (1.5.2) lib/rack/handler/webrick.rb:60:in `service'
  /usr/local/var/rbenv/versions/2.1.2/lib/ruby/2.1.0/webrick/httpserver.rb:138:in `service'
  /usr/local/var/rbenv/versions/2.1.2/lib/ruby/2.1.0/webrick/httpserver.rb:94:in `run'
  /usr/local/var/rbenv/versions/2.1.2/lib/ruby/2.1.0/webrick/server.rb:295:in `block in start_thread'



Started POST "/__better_errors/106931662d006e8b/variables" for 127.0.0.1 at 2015-03-03 10:44:41 -0500


Started GET "/" for 127.0.0.1 at 2015-03-03 10:46:35 -0500
Processing by StaticPagesController#root as HTML
  Rendered shared/_templates.html (1.4ms)
  Rendered static_pages/root.html.erb within layouts/application (2.0ms)
Completed 500 Internal Server Error in 4ms

SyntaxError - syntax error, unexpected '='
... (pokemon.get(attr) && attr !== 'id' && attr !== 'image_url'...
...                               ^
/Users/appacademy/Desktop/pokedex-2-skeleton/app/views/shared/_templates.html:9: syntax error, unexpected '='
...r) && attr !== 'id' && attr !== 'image_url') { 
...                               ^
/Users/appacademy/Desktop/pokedex-2-skeleton/app/views/shared/_templates.html:9: syntax error, unexpected '{', expecting keyword_then or ';' or '\n'
...'id' && attr !== 'image_url') { 
...                               ^
/Users/appacademy/Desktop/pokedex-2-skeleton/app/views/shared/_templates.html:12: syntax error, unexpected '}', expecting ')'
     }) 
      ^:
  app/views/shared/_templates.html:9:in `'
  actionview (4.1.1) lib/action_view/template.rb:297:in `compile'
  actionview (4.1.1) lib/action_view/template.rb:245:in `block (2 levels) in compile!'
  activesupport (4.1.1) lib/active_support/notifications.rb:161:in `instrument'
  actionview (4.1.1) lib/action_view/template.rb:339:in `instrument'
  actionview (4.1.1) lib/action_view/template.rb:244:in `block in compile!'
  actionview (4.1.1) lib/action_view/template.rb:232:in `compile!'
  actionview (4.1.1) lib/action_view/template.rb:144:in `block in render'
  activesupport (4.1.1) lib/active_support/notifications.rb:161:in `instrument'
  actionview (4.1.1) lib/action_view/template.rb:339:in `instrument'
  actionview (4.1.1) lib/action_view/template.rb:143:in `render'
  actionview (4.1.1) lib/action_view/renderer/partial_renderer.rb:306:in `render_partial'
  actionview (4.1.1) lib/action_view/renderer/partial_renderer.rb:279:in `block in render'
  actionview (4.1.1) lib/action_view/renderer/abstract_renderer.rb:38:in `block in instrument'
  activesupport (4.1.1) lib/active_support/notifications.rb:159:in `block in instrument'
  activesupport (4.1.1) lib/active_support/notifications/instrumenter.rb:20:in `instrument'
  activesupport (4.1.1) lib/active_support/notifications.rb:159:in `instrument'
  actionview (4.1.1) lib/action_view/renderer/abstract_renderer.rb:38:in `instrument'
  actionview (4.1.1) lib/action_view/renderer/partial_renderer.rb:278:in `render'
  actionview (4.1.1) lib/action_view/renderer/renderer.rb:47:in `render_partial'
  actionview (4.1.1) lib/action_view/helpers/rendering_helper.rb:35:in `render'
  app/views/static_pages/root.html.erb:1:in `_app_views_static_pages_root_html_erb__3005172320530889444_70126921370780'
  actionview (4.1.1) lib/action_view/template.rb:145:in `block in render'
  activesupport (4.1.1) lib/active_support/notifications.rb:161:in `instrument'
  actionview (4.1.1) lib/action_view/template.rb:339:in `instrument'
  actionview (4.1.1) lib/action_view/template.rb:143:in `render'
  actionview (4.1.1) lib/action_view/renderer/template_renderer.rb:55:in `block (2 levels) in render_template'
  actionview (4.1.1) lib/action_view/renderer/abstract_renderer.rb:38:in `block in instrument'
  activesupport (4.1.1) lib/active_support/notifications.rb:159:in `block in instrument'
  activesupport (4.1.1) lib/active_support/notifications/instrumenter.rb:20:in `instrument'
  activesupport (4.1.1) lib/active_support/notifications.rb:159:in `instrument'
  actionview (4.1.1) lib/action_view/renderer/abstract_renderer.rb:38:in `instrument'
  actionview (4.1.1) lib/action_view/renderer/template_renderer.rb:54:in `block in render_template'
  actionview (4.1.1) lib/action_view/renderer/template_renderer.rb:62:in `render_with_layout'
  actionview (4.1.1) lib/action_view/renderer/template_renderer.rb:53:in `render_template'
  actionview (4.1.1) lib/action_view/renderer/template_renderer.rb:17:in `render'
  actionview (4.1.1) lib/action_view/renderer/renderer.rb:42:in `render_template'
  actionview (4.1.1) lib/action_view/renderer/renderer.rb:23:in `render'
  actionview (4.1.1) lib/action_view/rendering.rb:99:in `_render_template'
  actionpack (4.1.1) lib/action_controller/metal/streaming.rb:217:in `_render_template'
  actionview (4.1.1) lib/action_view/rendering.rb:82:in `render_to_body'
  actionpack (4.1.1) lib/action_controller/metal/rendering.rb:32:in `render_to_body'
  actionpack (4.1.1) lib/action_controller/metal/renderers.rb:32:in `render_to_body'
  actionpack (4.1.1) lib/abstract_controller/rendering.rb:25:in `render'
  actionpack (4.1.1) lib/action_controller/metal/rendering.rb:16:in `render'
  actionpack (4.1.1) lib/action_controller/metal/instrumentation.rb:41:in `block (2 levels) in render'
  activesupport (4.1.1) lib/active_support/core_ext/benchmark.rb:12:in `block in ms'
  /usr/local/var/rbenv/versions/2.1.2/lib/ruby/2.1.0/benchmark.rb:294:in `realtime'
  activesupport (4.1.1) lib/active_support/core_ext/benchmark.rb:12:in `ms'
  actionpack (4.1.1) lib/action_controller/metal/instrumentation.rb:41:in `block in render'
  actionpack (4.1.1) lib/action_controller/metal/instrumentation.rb:84:in `cleanup_view_runtime'
  activerecord (4.1.1) lib/active_record/railties/controller_runtime.rb:25:in `cleanup_view_runtime'
  actionpack (4.1.1) lib/action_controller/metal/instrumentation.rb:40:in `render'
  app/controllers/static_pages_controller.rb:3:in `root'
  actionpack (4.1.1) lib/action_controller/metal/implicit_render.rb:4:in `send_action'
  actionpack (4.1.1) lib/abstract_controller/base.rb:189:in `process_action'
  actionpack (4.1.1) lib/action_controller/metal/rendering.rb:10:in `process_action'
  actionpack (4.1.1) lib/abstract_controller/callbacks.rb:20:in `block in process_action'
  activesupport (4.1.1) lib/active_support/callbacks.rb:113:in `call'
  activesupport (4.1.1) lib/active_support/callbacks.rb:229:in `block in halting'
  activesupport (4.1.1) lib/active_support/callbacks.rb:166:in `block in halting'
  activesupport (4.1.1) lib/active_support/callbacks.rb:86:in `run_callbacks'
  actionpack (4.1.1) lib/abstract_controller/callbacks.rb:19:in `process_action'
  actionpack (4.1.1) lib/action_controller/metal/rescue.rb:29:in `process_action'
  actionpack (4.1.1) lib/action_controller/metal/instrumentation.rb:31:in `block in process_action'
  activesupport (4.1.1) lib/active_support/notifications.rb:159:in `block in instrument'
  activesupport (4.1.1) lib/active_support/notifications/instrumenter.rb:20:in `instrument'
  activesupport (4.1.1) lib/active_support/notifications.rb:159:in `instrument'
  actionpack (4.1.1) lib/action_controller/metal/instrumentation.rb:30:in `process_action'
  actionpack (4.1.1) lib/action_controller/metal/params_wrapper.rb:250:in `process_action'
  activerecord (4.1.1) lib/active_record/railties/controller_runtime.rb:18:in `process_action'
  actionpack (4.1.1) lib/abstract_controller/base.rb:136:in `process'
  actionview (4.1.1) lib/action_view/rendering.rb:30:in `process'
  actionpack (4.1.1) lib/action_controller/metal.rb:195:in `dispatch'
  actionpack (4.1.1) lib/action_controller/metal/rack_delegation.rb:13:in `dispatch'
  actionpack (4.1.1) lib/action_controller/metal.rb:231:in `block in action'
  actionpack (4.1.1) lib/action_dispatch/routing/route_set.rb:80:in `dispatch'
  actionpack (4.1.1) lib/action_dispatch/routing/route_set.rb:48:in `call'
  actionpack (4.1.1) lib/action_dispatch/journey/router.rb:71:in `block in call'
  actionpack (4.1.1) lib/action_dispatch/journey/router.rb:59:in `call'
  actionpack (4.1.1) lib/action_dispatch/routing/route_set.rb:676:in `call'
  rack (1.5.2) lib/rack/etag.rb:23:in `call'
  rack (1.5.2) lib/rack/conditionalget.rb:25:in `call'
  rack (1.5.2) lib/rack/head.rb:11:in `call'
  actionpack (4.1.1) lib/action_dispatch/middleware/params_parser.rb:27:in `call'
  actionpack (4.1.1) lib/action_dispatch/middleware/flash.rb:254:in `call'
  rack (1.5.2) lib/rack/session/abstract/id.rb:225:in `context'
  rack (1.5.2) lib/rack/session/abstract/id.rb:220:in `call'
  actionpack (4.1.1) lib/action_dispatch/middleware/cookies.rb:560:in `call'
  activerecord (4.1.1) lib/active_record/query_cache.rb:36:in `call'
  activerecord (4.1.1) lib/active_record/connection_adapters/abstract/connection_pool.rb:621:in `call'
  activerecord (4.1.1) lib/active_record/migration.rb:380:in `call'
  actionpack (4.1.1) lib/action_dispatch/middleware/callbacks.rb:29:in `block in call'
  activesupport (4.1.1) lib/active_support/callbacks.rb:82:in `run_callbacks'
  actionpack (4.1.1) lib/action_dispatch/middleware/callbacks.rb:27:in `call'
  actionpack (4.1.1) lib/action_dispatch/middleware/reloader.rb:73:in `call'
  actionpack (4.1.1) lib/action_dispatch/middleware/remote_ip.rb:76:in `call'
  better_errors (2.0.0) lib/better_errors/middleware.rb:84:in `protected_app_call'
  better_errors (2.0.0) lib/better_errors/middleware.rb:79:in `better_errors_call'
  better_errors (2.0.0) lib/better_errors/middleware.rb:57:in `call'
  actionpack (4.1.1) lib/action_dispatch/middleware/debug_exceptions.rb:17:in `call'
  actionpack (4.1.1) lib/action_dispatch/middleware/show_exceptions.rb:30:in `call'
  railties (4.1.1) lib/rails/rack/logger.rb:38:in `call_app'
  railties (4.1.1) lib/rails/rack/logger.rb:20:in `block in call'
  activesupport (4.1.1) lib/active_support/tagged_logging.rb:68:in `block in tagged'
  activesupport (4.1.1) lib/active_support/tagged_logging.rb:26:in `tagged'
  activesupport (4.1.1) lib/active_support/tagged_logging.rb:68:in `tagged'
  railties (4.1.1) lib/rails/rack/logger.rb:20:in `call'
  actionpack (4.1.1) lib/action_dispatch/middleware/request_id.rb:21:in `call'
  rack (1.5.2) lib/rack/methodoverride.rb:21:in `call'
  rack (1.5.2) lib/rack/runtime.rb:17:in `call'
  activesupport (4.1.1) lib/active_support/cache/strategy/local_cache_middleware.rb:26:in `call'
  rack (1.5.2) lib/rack/lock.rb:17:in `call'
  actionpack (4.1.1) lib/action_dispatch/middleware/static.rb:64:in `call'
  rack (1.5.2) lib/rack/sendfile.rb:112:in `call'
  railties (4.1.1) lib/rails/engine.rb:514:in `call'
  railties (4.1.1) lib/rails/application.rb:144:in `call'
  rack (1.5.2) lib/rack/lock.rb:17:in `call'
  rack (1.5.2) lib/rack/content_length.rb:14:in `call'
  rack (1.5.2) lib/rack/handler/webrick.rb:60:in `service'
  /usr/local/var/rbenv/versions/2.1.2/lib/ruby/2.1.0/webrick/httpserver.rb:138:in `service'
  /usr/local/var/rbenv/versions/2.1.2/lib/ruby/2.1.0/webrick/httpserver.rb:94:in `run'
  /usr/local/var/rbenv/versions/2.1.2/lib/ruby/2.1.0/webrick/server.rb:295:in `block in start_thread'



Started POST "/__better_errors/678405180ffe3af2/variables" for 127.0.0.1 at 2015-03-03 10:46:35 -0500


Started GET "/" for 127.0.0.1 at 2015-03-03 10:46:57 -0500
Processing by StaticPagesController#root as HTML
  Rendered shared/_templates.html (1.4ms)
  Rendered static_pages/root.html.erb within layouts/application (2.1ms)
Completed 500 Internal Server Error in 4ms

SyntaxError - syntax error, unexpected '='
...(pokemon.get(attr) && (attr !== 'id') && (attr !== 'image_ur...
...                               ^
/Users/appacademy/Desktop/pokedex-2-skeleton/app/views/shared/_templates.html:9: syntax error, unexpected '='
...&& (attr !== 'id') && (attr !== 'image_url')) { 
...                               ^
/Users/appacademy/Desktop/pokedex-2-skeleton/app/views/shared/_templates.html:9: syntax error, unexpected '{', expecting keyword_then or ';' or '\n'
...') && (attr !== 'image_url')) { 
...                               ^
/Users/appacademy/Desktop/pokedex-2-skeleton/app/views/shared/_templates.html:12: syntax error, unexpected '}', expecting ')'
     }) 
      ^:
  app/views/shared/_templates.html:9:in `'
  actionview (4.1.1) lib/action_view/template.rb:297:in `compile'
  actionview (4.1.1) lib/action_view/template.rb:245:in `block (2 levels) in compile!'
  activesupport (4.1.1) lib/active_support/notifications.rb:161:in `instrument'
  actionview (4.1.1) lib/action_view/template.rb:339:in `instrument'
  actionview (4.1.1) lib/action_view/template.rb:244:in `block in compile!'
  actionview (4.1.1) lib/action_view/template.rb:232:in `compile!'
  actionview (4.1.1) lib/action_view/template.rb:144:in `block in render'
  activesupport (4.1.1) lib/active_support/notifications.rb:161:in `instrument'
  actionview (4.1.1) lib/action_view/template.rb:339:in `instrument'
  actionview (4.1.1) lib/action_view/template.rb:143:in `render'
  actionview (4.1.1) lib/action_view/renderer/partial_renderer.rb:306:in `render_partial'
  actionview (4.1.1) lib/action_view/renderer/partial_renderer.rb:279:in `block in render'
  actionview (4.1.1) lib/action_view/renderer/abstract_renderer.rb:38:in `block in instrument'
  activesupport (4.1.1) lib/active_support/notifications.rb:159:in `block in instrument'
  activesupport (4.1.1) lib/active_support/notifications/instrumenter.rb:20:in `instrument'
  activesupport (4.1.1) lib/active_support/notifications.rb:159:in `instrument'
  actionview (4.1.1) lib/action_view/renderer/abstract_renderer.rb:38:in `instrument'
  actionview (4.1.1) lib/action_view/renderer/partial_renderer.rb:278:in `render'
  actionview (4.1.1) lib/action_view/renderer/renderer.rb:47:in `render_partial'
  actionview (4.1.1) lib/action_view/helpers/rendering_helper.rb:35:in `render'
  app/views/static_pages/root.html.erb:1:in `_app_views_static_pages_root_html_erb__3005172320530889444_70126921370780'
  actionview (4.1.1) lib/action_view/template.rb:145:in `block in render'
  activesupport (4.1.1) lib/active_support/notifications.rb:161:in `instrument'
  actionview (4.1.1) lib/action_view/template.rb:339:in `instrument'
  actionview (4.1.1) lib/action_view/template.rb:143:in `render'
  actionview (4.1.1) lib/action_view/renderer/template_renderer.rb:55:in `block (2 levels) in render_template'
  actionview (4.1.1) lib/action_view/renderer/abstract_renderer.rb:38:in `block in instrument'
  activesupport (4.1.1) lib/active_support/notifications.rb:159:in `block in instrument'
  activesupport (4.1.1) lib/active_support/notifications/instrumenter.rb:20:in `instrument'
  activesupport (4.1.1) lib/active_support/notifications.rb:159:in `instrument'
  actionview (4.1.1) lib/action_view/renderer/abstract_renderer.rb:38:in `instrument'
  actionview (4.1.1) lib/action_view/renderer/template_renderer.rb:54:in `block in render_template'
  actionview (4.1.1) lib/action_view/renderer/template_renderer.rb:62:in `render_with_layout'
  actionview (4.1.1) lib/action_view/renderer/template_renderer.rb:53:in `render_template'
  actionview (4.1.1) lib/action_view/renderer/template_renderer.rb:17:in `render'
  actionview (4.1.1) lib/action_view/renderer/renderer.rb:42:in `render_template'
  actionview (4.1.1) lib/action_view/renderer/renderer.rb:23:in `render'
  actionview (4.1.1) lib/action_view/rendering.rb:99:in `_render_template'
  actionpack (4.1.1) lib/action_controller/metal/streaming.rb:217:in `_render_template'
  actionview (4.1.1) lib/action_view/rendering.rb:82:in `render_to_body'
  actionpack (4.1.1) lib/action_controller/metal/rendering.rb:32:in `render_to_body'
  actionpack (4.1.1) lib/action_controller/metal/renderers.rb:32:in `render_to_body'
  actionpack (4.1.1) lib/abstract_controller/rendering.rb:25:in `render'
  actionpack (4.1.1) lib/action_controller/metal/rendering.rb:16:in `render'
  actionpack (4.1.1) lib/action_controller/metal/instrumentation.rb:41:in `block (2 levels) in render'
  activesupport (4.1.1) lib/active_support/core_ext/benchmark.rb:12:in `block in ms'
  /usr/local/var/rbenv/versions/2.1.2/lib/ruby/2.1.0/benchmark.rb:294:in `realtime'
  activesupport (4.1.1) lib/active_support/core_ext/benchmark.rb:12:in `ms'
  actionpack (4.1.1) lib/action_controller/metal/instrumentation.rb:41:in `block in render'
  actionpack (4.1.1) lib/action_controller/metal/instrumentation.rb:84:in `cleanup_view_runtime'
  activerecord (4.1.1) lib/active_record/railties/controller_runtime.rb:25:in `cleanup_view_runtime'
  actionpack (4.1.1) lib/action_controller/metal/instrumentation.rb:40:in `render'
  app/controllers/static_pages_controller.rb:3:in `root'
  actionpack (4.1.1) lib/action_controller/metal/implicit_render.rb:4:in `send_action'
  actionpack (4.1.1) lib/abstract_controller/base.rb:189:in `process_action'
  actionpack (4.1.1) lib/action_controller/metal/rendering.rb:10:in `process_action'
  actionpack (4.1.1) lib/abstract_controller/callbacks.rb:20:in `block in process_action'
  activesupport (4.1.1) lib/active_support/callbacks.rb:113:in `call'
  activesupport (4.1.1) lib/active_support/callbacks.rb:229:in `block in halting'
  activesupport (4.1.1) lib/active_support/callbacks.rb:166:in `block in halting'
  activesupport (4.1.1) lib/active_support/callbacks.rb:86:in `run_callbacks'
  actionpack (4.1.1) lib/abstract_controller/callbacks.rb:19:in `process_action'
  actionpack (4.1.1) lib/action_controller/metal/rescue.rb:29:in `process_action'
  actionpack (4.1.1) lib/action_controller/metal/instrumentation.rb:31:in `block in process_action'
  activesupport (4.1.1) lib/active_support/notifications.rb:159:in `block in instrument'
  activesupport (4.1.1) lib/active_support/notifications/instrumenter.rb:20:in `instrument'
  activesupport (4.1.1) lib/active_support/notifications.rb:159:in `instrument'
  actionpack (4.1.1) lib/action_controller/metal/instrumentation.rb:30:in `process_action'
  actionpack (4.1.1) lib/action_controller/metal/params_wrapper.rb:250:in `process_action'
  activerecord (4.1.1) lib/active_record/railties/controller_runtime.rb:18:in `process_action'
  actionpack (4.1.1) lib/abstract_controller/base.rb:136:in `process'
  actionview (4.1.1) lib/action_view/rendering.rb:30:in `process'
  actionpack (4.1.1) lib/action_controller/metal.rb:195:in `dispatch'
  actionpack (4.1.1) lib/action_controller/metal/rack_delegation.rb:13:in `dispatch'
  actionpack (4.1.1) lib/action_controller/metal.rb:231:in `block in action'
  actionpack (4.1.1) lib/action_dispatch/routing/route_set.rb:80:in `dispatch'
  actionpack (4.1.1) lib/action_dispatch/routing/route_set.rb:48:in `call'
  actionpack (4.1.1) lib/action_dispatch/journey/router.rb:71:in `block in call'
  actionpack (4.1.1) lib/action_dispatch/journey/router.rb:59:in `call'
  actionpack (4.1.1) lib/action_dispatch/routing/route_set.rb:676:in `call'
  rack (1.5.2) lib/rack/etag.rb:23:in `call'
  rack (1.5.2) lib/rack/conditionalget.rb:25:in `call'
  rack (1.5.2) lib/rack/head.rb:11:in `call'
  actionpack (4.1.1) lib/action_dispatch/middleware/params_parser.rb:27:in `call'
  actionpack (4.1.1) lib/action_dispatch/middleware/flash.rb:254:in `call'
  rack (1.5.2) lib/rack/session/abstract/id.rb:225:in `context'
  rack (1.5.2) lib/rack/session/abstract/id.rb:220:in `call'
  actionpack (4.1.1) lib/action_dispatch/middleware/cookies.rb:560:in `call'
  activerecord (4.1.1) lib/active_record/query_cache.rb:36:in `call'
  activerecord (4.1.1) lib/active_record/connection_adapters/abstract/connection_pool.rb:621:in `call'
  activerecord (4.1.1) lib/active_record/migration.rb:380:in `call'
  actionpack (4.1.1) lib/action_dispatch/middleware/callbacks.rb:29:in `block in call'
  activesupport (4.1.1) lib/active_support/callbacks.rb:82:in `run_callbacks'
  actionpack (4.1.1) lib/action_dispatch/middleware/callbacks.rb:27:in `call'
  actionpack (4.1.1) lib/action_dispatch/middleware/reloader.rb:73:in `call'
  actionpack (4.1.1) lib/action_dispatch/middleware/remote_ip.rb:76:in `call'
  better_errors (2.0.0) lib/better_errors/middleware.rb:84:in `protected_app_call'
  better_errors (2.0.0) lib/better_errors/middleware.rb:79:in `better_errors_call'
  better_errors (2.0.0) lib/better_errors/middleware.rb:57:in `call'
  actionpack (4.1.1) lib/action_dispatch/middleware/debug_exceptions.rb:17:in `call'
  actionpack (4.1.1) lib/action_dispatch/middleware/show_exceptions.rb:30:in `call'
  railties (4.1.1) lib/rails/rack/logger.rb:38:in `call_app'
  railties (4.1.1) lib/rails/rack/logger.rb:20:in `block in call'
  activesupport (4.1.1) lib/active_support/tagged_logging.rb:68:in `block in tagged'
  activesupport (4.1.1) lib/active_support/tagged_logging.rb:26:in `tagged'
  activesupport (4.1.1) lib/active_support/tagged_logging.rb:68:in `tagged'
  railties (4.1.1) lib/rails/rack/logger.rb:20:in `call'
  actionpack (4.1.1) lib/action_dispatch/middleware/request_id.rb:21:in `call'
  rack (1.5.2) lib/rack/methodoverride.rb:21:in `call'
  rack (1.5.2) lib/rack/runtime.rb:17:in `call'
  activesupport (4.1.1) lib/active_support/cache/strategy/local_cache_middleware.rb:26:in `call'
  rack (1.5.2) lib/rack/lock.rb:17:in `call'
  actionpack (4.1.1) lib/action_dispatch/middleware/static.rb:64:in `call'
  rack (1.5.2) lib/rack/sendfile.rb:112:in `call'
  railties (4.1.1) lib/rails/engine.rb:514:in `call'
  railties (4.1.1) lib/rails/application.rb:144:in `call'
  rack (1.5.2) lib/rack/lock.rb:17:in `call'
  rack (1.5.2) lib/rack/content_length.rb:14:in `call'
  rack (1.5.2) lib/rack/handler/webrick.rb:60:in `service'
  /usr/local/var/rbenv/versions/2.1.2/lib/ruby/2.1.0/webrick/httpserver.rb:138:in `service'
  /usr/local/var/rbenv/versions/2.1.2/lib/ruby/2.1.0/webrick/httpserver.rb:94:in `run'
  /usr/local/var/rbenv/versions/2.1.2/lib/ruby/2.1.0/webrick/server.rb:295:in `block in start_thread'



Started POST "/__better_errors/c0f025b003dd2e64/variables" for 127.0.0.1 at 2015-03-03 10:46:57 -0500


Started GET "/" for 127.0.0.1 at 2015-03-03 10:47:54 -0500
Processing by StaticPagesController#root as HTML
  Rendered shared/_templates.html (1.7ms)
  Rendered static_pages/root.html.erb within layouts/application (2.4ms)
Completed 500 Internal Server Error in 4ms

SyntaxError - syntax error, unexpected '='
...(pokemon.get(attr) && (attr !== 'id') && (attr !== 'image_ur...
...                               ^
/Users/appacademy/Desktop/pokedex-2-skeleton/app/views/shared/_templates.html:9: syntax error, unexpected '='
...&& (attr !== 'id') && (attr !== 'image_url')) { 
...                               ^
/Users/appacademy/Desktop/pokedex-2-skeleton/app/views/shared/_templates.html:9: syntax error, unexpected '{', expecting keyword_then or ';' or '\n'
...') && (attr !== 'image_url')) { 
...                               ^
/Users/appacademy/Desktop/pokedex-2-skeleton/app/views/shared/_templates.html:12: syntax error, unexpected '}', expecting ')'
     }) 
      ^:
  app/views/shared/_templates.html:9:in `'
  actionview (4.1.1) lib/action_view/template.rb:297:in `compile'
  actionview (4.1.1) lib/action_view/template.rb:245:in `block (2 levels) in compile!'
  activesupport (4.1.1) lib/active_support/notifications.rb:161:in `instrument'
  actionview (4.1.1) lib/action_view/template.rb:339:in `instrument'
  actionview (4.1.1) lib/action_view/template.rb:244:in `block in compile!'
  actionview (4.1.1) lib/action_view/template.rb:232:in `compile!'
  actionview (4.1.1) lib/action_view/template.rb:144:in `block in render'
  activesupport (4.1.1) lib/active_support/notifications.rb:161:in `instrument'
  actionview (4.1.1) lib/action_view/template.rb:339:in `instrument'
  actionview (4.1.1) lib/action_view/template.rb:143:in `render'
  actionview (4.1.1) lib/action_view/renderer/partial_renderer.rb:306:in `render_partial'
  actionview (4.1.1) lib/action_view/renderer/partial_renderer.rb:279:in `block in render'
  actionview (4.1.1) lib/action_view/renderer/abstract_renderer.rb:38:in `block in instrument'
  activesupport (4.1.1) lib/active_support/notifications.rb:159:in `block in instrument'
  activesupport (4.1.1) lib/active_support/notifications/instrumenter.rb:20:in `instrument'
  activesupport (4.1.1) lib/active_support/notifications.rb:159:in `instrument'
  actionview (4.1.1) lib/action_view/renderer/abstract_renderer.rb:38:in `instrument'
  actionview (4.1.1) lib/action_view/renderer/partial_renderer.rb:278:in `render'
  actionview (4.1.1) lib/action_view/renderer/renderer.rb:47:in `render_partial'
  actionview (4.1.1) lib/action_view/helpers/rendering_helper.rb:35:in `render'
  app/views/static_pages/root.html.erb:1:in `_app_views_static_pages_root_html_erb__3005172320530889444_70126921370780'
  actionview (4.1.1) lib/action_view/template.rb:145:in `block in render'
  activesupport (4.1.1) lib/active_support/notifications.rb:161:in `instrument'
  actionview (4.1.1) lib/action_view/template.rb:339:in `instrument'
  actionview (4.1.1) lib/action_view/template.rb:143:in `render'
  actionview (4.1.1) lib/action_view/renderer/template_renderer.rb:55:in `block (2 levels) in render_template'
  actionview (4.1.1) lib/action_view/renderer/abstract_renderer.rb:38:in `block in instrument'
  activesupport (4.1.1) lib/active_support/notifications.rb:159:in `block in instrument'
  activesupport (4.1.1) lib/active_support/notifications/instrumenter.rb:20:in `instrument'
  activesupport (4.1.1) lib/active_support/notifications.rb:159:in `instrument'
  actionview (4.1.1) lib/action_view/renderer/abstract_renderer.rb:38:in `instrument'
  actionview (4.1.1) lib/action_view/renderer/template_renderer.rb:54:in `block in render_template'
  actionview (4.1.1) lib/action_view/renderer/template_renderer.rb:62:in `render_with_layout'
  actionview (4.1.1) lib/action_view/renderer/template_renderer.rb:53:in `render_template'
  actionview (4.1.1) lib/action_view/renderer/template_renderer.rb:17:in `render'
  actionview (4.1.1) lib/action_view/renderer/renderer.rb:42:in `render_template'
  actionview (4.1.1) lib/action_view/renderer/renderer.rb:23:in `render'
  actionview (4.1.1) lib/action_view/rendering.rb:99:in `_render_template'
  actionpack (4.1.1) lib/action_controller/metal/streaming.rb:217:in `_render_template'
  actionview (4.1.1) lib/action_view/rendering.rb:82:in `render_to_body'
  actionpack (4.1.1) lib/action_controller/metal/rendering.rb:32:in `render_to_body'
  actionpack (4.1.1) lib/action_controller/metal/renderers.rb:32:in `render_to_body'
  actionpack (4.1.1) lib/abstract_controller/rendering.rb:25:in `render'
  actionpack (4.1.1) lib/action_controller/metal/rendering.rb:16:in `render'
  actionpack (4.1.1) lib/action_controller/metal/instrumentation.rb:41:in `block (2 levels) in render'
  activesupport (4.1.1) lib/active_support/core_ext/benchmark.rb:12:in `block in ms'
  /usr/local/var/rbenv/versions/2.1.2/lib/ruby/2.1.0/benchmark.rb:294:in `realtime'
  activesupport (4.1.1) lib/active_support/core_ext/benchmark.rb:12:in `ms'
  actionpack (4.1.1) lib/action_controller/metal/instrumentation.rb:41:in `block in render'
  actionpack (4.1.1) lib/action_controller/metal/instrumentation.rb:84:in `cleanup_view_runtime'
  activerecord (4.1.1) lib/active_record/railties/controller_runtime.rb:25:in `cleanup_view_runtime'
  actionpack (4.1.1) lib/action_controller/metal/instrumentation.rb:40:in `render'
  app/controllers/static_pages_controller.rb:3:in `root'
  actionpack (4.1.1) lib/action_controller/metal/implicit_render.rb:4:in `send_action'
  actionpack (4.1.1) lib/abstract_controller/base.rb:189:in `process_action'
  actionpack (4.1.1) lib/action_controller/metal/rendering.rb:10:in `process_action'
  actionpack (4.1.1) lib/abstract_controller/callbacks.rb:20:in `block in process_action'
  activesupport (4.1.1) lib/active_support/callbacks.rb:113:in `call'
  activesupport (4.1.1) lib/active_support/callbacks.rb:229:in `block in halting'
  activesupport (4.1.1) lib/active_support/callbacks.rb:166:in `block in halting'
  activesupport (4.1.1) lib/active_support/callbacks.rb:86:in `run_callbacks'
  actionpack (4.1.1) lib/abstract_controller/callbacks.rb:19:in `process_action'
  actionpack (4.1.1) lib/action_controller/metal/rescue.rb:29:in `process_action'
  actionpack (4.1.1) lib/action_controller/metal/instrumentation.rb:31:in `block in process_action'
  activesupport (4.1.1) lib/active_support/notifications.rb:159:in `block in instrument'
  activesupport (4.1.1) lib/active_support/notifications/instrumenter.rb:20:in `instrument'
  activesupport (4.1.1) lib/active_support/notifications.rb:159:in `instrument'
  actionpack (4.1.1) lib/action_controller/metal/instrumentation.rb:30:in `process_action'
  actionpack (4.1.1) lib/action_controller/metal/params_wrapper.rb:250:in `process_action'
  activerecord (4.1.1) lib/active_record/railties/controller_runtime.rb:18:in `process_action'
  actionpack (4.1.1) lib/abstract_controller/base.rb:136:in `process'
  actionview (4.1.1) lib/action_view/rendering.rb:30:in `process'
  actionpack (4.1.1) lib/action_controller/metal.rb:195:in `dispatch'
  actionpack (4.1.1) lib/action_controller/metal/rack_delegation.rb:13:in `dispatch'
  actionpack (4.1.1) lib/action_controller/metal.rb:231:in `block in action'
  actionpack (4.1.1) lib/action_dispatch/routing/route_set.rb:80:in `dispatch'
  actionpack (4.1.1) lib/action_dispatch/routing/route_set.rb:48:in `call'
  actionpack (4.1.1) lib/action_dispatch/journey/router.rb:71:in `block in call'
  actionpack (4.1.1) lib/action_dispatch/journey/router.rb:59:in `call'
  actionpack (4.1.1) lib/action_dispatch/routing/route_set.rb:676:in `call'
  rack (1.5.2) lib/rack/etag.rb:23:in `call'
  rack (1.5.2) lib/rack/conditionalget.rb:25:in `call'
  rack (1.5.2) lib/rack/head.rb:11:in `call'
  actionpack (4.1.1) lib/action_dispatch/middleware/params_parser.rb:27:in `call'
  actionpack (4.1.1) lib/action_dispatch/middleware/flash.rb:254:in `call'
  rack (1.5.2) lib/rack/session/abstract/id.rb:225:in `context'
  rack (1.5.2) lib/rack/session/abstract/id.rb:220:in `call'
  actionpack (4.1.1) lib/action_dispatch/middleware/cookies.rb:560:in `call'
  activerecord (4.1.1) lib/active_record/query_cache.rb:36:in `call'
  activerecord (4.1.1) lib/active_record/connection_adapters/abstract/connection_pool.rb:621:in `call'
  activerecord (4.1.1) lib/active_record/migration.rb:380:in `call'
  actionpack (4.1.1) lib/action_dispatch/middleware/callbacks.rb:29:in `block in call'
  activesupport (4.1.1) lib/active_support/callbacks.rb:82:in `run_callbacks'
  actionpack (4.1.1) lib/action_dispatch/middleware/callbacks.rb:27:in `call'
  actionpack (4.1.1) lib/action_dispatch/middleware/reloader.rb:73:in `call'
  actionpack (4.1.1) lib/action_dispatch/middleware/remote_ip.rb:76:in `call'
  better_errors (2.0.0) lib/better_errors/middleware.rb:84:in `protected_app_call'
  better_errors (2.0.0) lib/better_errors/middleware.rb:79:in `better_errors_call'
  better_errors (2.0.0) lib/better_errors/middleware.rb:57:in `call'
  actionpack (4.1.1) lib/action_dispatch/middleware/debug_exceptions.rb:17:in `call'
  actionpack (4.1.1) lib/action_dispatch/middleware/show_exceptions.rb:30:in `call'
  railties (4.1.1) lib/rails/rack/logger.rb:38:in `call_app'
  railties (4.1.1) lib/rails/rack/logger.rb:20:in `block in call'
  activesupport (4.1.1) lib/active_support/tagged_logging.rb:68:in `block in tagged'
  activesupport (4.1.1) lib/active_support/tagged_logging.rb:26:in `tagged'
  activesupport (4.1.1) lib/active_support/tagged_logging.rb:68:in `tagged'
  railties (4.1.1) lib/rails/rack/logger.rb:20:in `call'
  actionpack (4.1.1) lib/action_dispatch/middleware/request_id.rb:21:in `call'
  rack (1.5.2) lib/rack/methodoverride.rb:21:in `call'
  rack (1.5.2) lib/rack/runtime.rb:17:in `call'
  activesupport (4.1.1) lib/active_support/cache/strategy/local_cache_middleware.rb:26:in `call'
  rack (1.5.2) lib/rack/lock.rb:17:in `call'
  actionpack (4.1.1) lib/action_dispatch/middleware/static.rb:64:in `call'
  rack (1.5.2) lib/rack/sendfile.rb:112:in `call'
  railties (4.1.1) lib/rails/engine.rb:514:in `call'
  railties (4.1.1) lib/rails/application.rb:144:in `call'
  rack (1.5.2) lib/rack/lock.rb:17:in `call'
  rack (1.5.2) lib/rack/content_length.rb:14:in `call'
  rack (1.5.2) lib/rack/handler/webrick.rb:60:in `service'
  /usr/local/var/rbenv/versions/2.1.2/lib/ruby/2.1.0/webrick/httpserver.rb:138:in `service'
  /usr/local/var/rbenv/versions/2.1.2/lib/ruby/2.1.0/webrick/httpserver.rb:94:in `run'
  /usr/local/var/rbenv/versions/2.1.2/lib/ruby/2.1.0/webrick/server.rb:295:in `block in start_thread'



Started POST "/__better_errors/d6e817e3c5140d94/variables" for 127.0.0.1 at 2015-03-03 10:47:54 -0500


Started GET "/" for 127.0.0.1 at 2015-03-03 10:47:57 -0500
Processing by StaticPagesController#root as HTML
  Rendered shared/_templates.html (0.6ms)
  Rendered static_pages/root.html.erb within layouts/application (20.0ms)
Completed 200 OK in 422ms (Views: 421.4ms | ActiveRecord: 0.0ms)


Started GET "/assets/application.css?body=1" for 127.0.0.1 at 2015-03-03 10:47:58 -0500


Started GET "/assets/jquery.js?body=1" for 127.0.0.1 at 2015-03-03 10:47:58 -0500


Started GET "/assets/pokedex-5.js?body=1" for 127.0.0.1 at 2015-03-03 10:47:58 -0500


Started GET "/assets/pokedex-4.js?body=1" for 127.0.0.1 at 2015-03-03 10:47:58 -0500


Started GET "/assets/pokedex-6.js?body=1" for 127.0.0.1 at 2015-03-03 10:47:58 -0500


Started GET "/assets/pokedex-7.js?body=1" for 127.0.0.1 at 2015-03-03 10:47:58 -0500


Started GET "/assets/underscore.js?body=1" for 127.0.0.1 at 2015-03-03 10:47:58 -0500


Started GET "/assets/backbone.js?body=1" for 127.0.0.1 at 2015-03-03 10:47:58 -0500


Started GET "/assets/pokedex-0.js?body=1" for 127.0.0.1 at 2015-03-03 10:47:58 -0500


Started GET "/assets/pokedex-1A.js?body=1" for 127.0.0.1 at 2015-03-03 10:47:58 -0500


Started GET "/assets/jquery_ujs.js?body=1" for 127.0.0.1 at 2015-03-03 10:47:58 -0500


Started GET "/assets/jquery.serializejson.min.js?body=1" for 127.0.0.1 at 2015-03-03 10:47:58 -0500


Started GET "/assets/application.js?body=1" for 127.0.0.1 at 2015-03-03 10:47:58 -0500


Started GET "/assets/pokedex-1B.js?body=1" for 127.0.0.1 at 2015-03-03 10:47:58 -0500


Started GET "/assets/pokedex-2.js?body=1" for 127.0.0.1 at 2015-03-03 10:47:58 -0500


Started GET "/assets/pokedex-1C.js?body=1" for 127.0.0.1 at 2015-03-03 10:47:58 -0500


Started GET "/assets/pokedex-3.js?body=1" for 127.0.0.1 at 2015-03-03 10:47:58 -0500


Started GET "/assets/pokemon_bg.jpg" for 127.0.0.1 at 2015-03-03 10:47:58 -0500


Started GET "/pokemon" for 127.0.0.1 at 2015-03-03 10:47:58 -0500
Processing by PokemonController#index as JSON
  [1m[35mPokemon Load (21.1ms)[0m  SELECT "pokemons".* FROM "pokemons"
  Rendered pokemon/_pokemon.json.jbuilder (5.7ms)
  Rendered pokemon/_pokemon.json.jbuilder (0.2ms)
  Rendered pokemon/_pokemon.json.jbuilder (0.3ms)
  Rendered pokemon/_pokemon.json.jbuilder (0.2ms)
  Rendered pokemon/_pokemon.json.jbuilder (0.2ms)
  Rendered pokemon/_pokemon.json.jbuilder (0.3ms)
  Rendered pokemon/_pokemon.json.jbuilder (0.4ms)
  Rendered pokemon/_pokemon.json.jbuilder (0.4ms)
  Rendered pokemon/_pokemon.json.jbuilder (0.3ms)
  Rendered pokemon/_pokemon.json.jbuilder (0.4ms)
  Rendered pokemon/_pokemon.json.jbuilder (0.2ms)
  Rendered pokemon/_pokemon.json.jbuilder (0.3ms)
  Rendered pokemon/_pokemon.json.jbuilder (0.2ms)
  Rendered pokemon/_pokemon.json.jbuilder (0.1ms)
  Rendered pokemon/_pokemon.json.jbuilder (0.1ms)
  Rendered pokemon/_pokemon.json.jbuilder (0.2ms)
  Rendered pokemon/_pokemon.json.jbuilder (0.2ms)
  Rendered pokemon/_pokemon.json.jbuilder (0.1ms)
  Rendered pokemon/_pokemon.json.jbuilder (0.1ms)
  Rendered pokemon/_pokemon.json.jbuilder (0.2ms)
  Rendered pokemon/_pokemon.json.jbuilder (0.1ms)
  Rendered pokemon/_pokemon.json.jbuilder (0.3ms)
  Rendered pokemon/_pokemon.json.jbuilder (0.3ms)
  Rendered pokemon/_pokemon.json.jbuilder (0.3ms)
  Rendered pokemon/_pokemon.json.jbuilder (0.2ms)
  Rendered pokemon/_pokemon.json.jbuilder (0.3ms)
  Rendered pokemon/_pokemon.json.jbuilder (0.4ms)
  Rendered pokemon/_pokemon.json.jbuilder (0.3ms)
  Rendered pokemon/_pokemon.json.jbuilder (0.2ms)
  Rendered pokemon/_pokemon.json.jbuilder (0.4ms)
  Rendered pokemon/_pokemon.json.jbuilder (0.2ms)
  Rendered pokemon/_pokemon.json.jbuilder (0.2ms)
  Rendered pokemon/_pokemon.json.jbuilder (0.3ms)
  Rendered pokemon/_pokemon.json.jbuilder (0.2ms)
  Rendered pokemon/_pokemon.json.jbuilder (0.1ms)
  Rendered pokemon/_pokemon.json.jbuilder (0.2ms)
  Rendered pokemon/_pokemon.json.jbuilder (0.2ms)
  Rendered pokemon/_pokemon.json.jbuilder (0.2ms)
  Rendered pokemon/_pokemon.json.jbuilder (0.2ms)
  Rendered pokemon/_pokemon.json.jbuilder (0.2ms)
  Rendered pokemon/_pokemon.json.jbuilder (0.2ms)
  Rendered pokemon/_pokemon.json.jbuilder (0.1ms)
  Rendered pokemon/_pokemon.json.jbuilder (0.1ms)
  Rendered pokemon/_pokemon.json.jbuilder (0.1ms)
  Rendered pokemon/_pokemon.json.jbuilder (0.2ms)
  Rendered pokemon/_pokemon.json.jbuilder (0.2ms)
  Rendered pokemon/_pokemon.json.jbuilder (0.1ms)
  Rendered pokemon/_pokemon.json.jbuilder (0.2ms)
  Rendered pokemon/_pokemon.json.jbuilder (0.2ms)
  Rendered pokemon/_pokemon.json.jbuilder (0.2ms)
  Rendered pokemon/_pokemon.json.jbuilder (0.1ms)
  Rendered pokemon/_pokemon.json.jbuilder (0.1ms)
  Rendered pokemon/_pokemon.json.jbuilder (0.2ms)
  Rendered pokemon/_pokemon.json.jbuilder (0.2ms)
  Rendered pokemon/_pokemon.json.jbuilder (0.1ms)
  Rendered pokemon/_pokemon.json.jbuilder (0.1ms)
  Rendered pokemon/_pokemon.json.jbuilder (0.2ms)
  Rendered pokemon/_pokemon.json.jbuilder (0.2ms)
  Rendered pokemon/_pokemon.json.jbuilder (0.2ms)
  Rendered pokemon/_pokemon.json.jbuilder (0.2ms)
  Rendered pokemon/_pokemon.json.jbuilder (0.2ms)
  Rendered pokemon/_pokemon.json.jbuilder (0.3ms)
  Rendered pokemon/_pokemon.json.jbuilder (0.2ms)
  Rendered pokemon/_pokemon.json.jbuilder (0.2ms)
  Rendered pokemon/_pokemon.json.jbuilder (0.2ms)
  Rendered pokemon/_pokemon.json.jbuilder (0.2ms)
  Rendered pokemon/_pokemon.json.jbuilder (0.3ms)
  Rendered pokemon/_pokemon.json.jbuilder (0.3ms)
  Rendered pokemon/_pokemon.json.jbuilder (0.2ms)
  Rendered pokemon/_pokemon.json.jbuilder (0.2ms)
  Rendered pokemon/_pokemon.json.jbuilder (0.2ms)
  Rendered pokemon/_pokemon.json.jbuilder (0.3ms)
  Rendered pokemon/_pokemon.json.jbuilder (0.5ms)
  Rendered pokemon/_pokemon.json.jbuilder (0.3ms)
  Rendered pokemon/_pokemon.json.jbuilder (0.4ms)
  Rendered pokemon/_pokemon.json.jbuilder (0.2ms)
  Rendered pokemon/_pokemon.json.jbuilder (0.2ms)
  Rendered pokemon/_pokemon.json.jbuilder (0.2ms)
  Rendered pokemon/_pokemon.json.jbuilder (0.2ms)
  Rendered pokemon/_pokemon.json.jbuilder (0.3ms)
  Rendered pokemon/_pokemon.json.jbuilder (0.3ms)
  Rendered pokemon/_pokemon.json.jbuilder (0.2ms)
  Rendered pokemon/_pokemon.json.jbuilder (0.2ms)
  Rendered pokemon/_pokemon.json.jbuilder (0.2ms)
  Rendered pokemon/_pokemon.json.jbuilder (0.2ms)
  Rendered pokemon/_pokemon.json.jbuilder (0.2ms)
  Rendered pokemon/_pokemon.json.jbuilder (0.2ms)
  Rendered pokemon/_pokemon.json.jbuilder (0.2ms)
  Rendered pokemon/_pokemon.json.jbuilder (0.2ms)
  Rendered pokemon/_pokemon.json.jbuilder (0.2ms)
  Rendered pokemon/_pokemon.json.jbuilder (0.2ms)
  Rendered pokemon/_pokemon.json.jbuilder (0.2ms)
  Rendered pokemon/_pokemon.json.jbuilder (0.2ms)
  Rendered pokemon/_pokemon.json.jbuilder (0.2ms)
  Rendered pokemon/_pokemon.json.jbuilder (0.2ms)
  Rendered pokemon/_pokemon.json.jbuilder (0.2ms)
  Rendered pokemon/_pokemon.json.jbuilder (0.2ms)
  Rendered pokemon/_pokemon.json.jbuilder (0.2ms)
  Rendered pokemon/_pokemon.json.jbuilder (0.2ms)
  Rendered pokemon/_pokemon.json.jbuilder (0.2ms)
  Rendered pokemon/_pokemon.json.jbuilder (0.2ms)
  Rendered pokemon/_pokemon.json.jbuilder (0.2ms)
  Rendered pokemon/_pokemon.json.jbuilder (0.2ms)
  Rendered pokemon/_pokemon.json.jbuilder (0.2ms)
  Rendered pokemon/_pokemon.json.jbuilder (0.2ms)
  Rendered pokemon/_pokemon.json.jbuilder (0.4ms)
  Rendered pokemon/_pokemon.json.jbuilder (0.5ms)
  Rendered pokemon/_pokemon.json.jbuilder (0.4ms)
  Rendered pokemon/_pokemon.json.jbuilder (0.3ms)
  Rendered pokemon/_pokemon.json.jbuilder (0.2ms)
  Rendered pokemon/_pokemon.json.jbuilder (0.2ms)
  Rendered pokemon/_pokemon.json.jbuilder (0.2ms)
  Rendered pokemon/_pokemon.json.jbuilder (0.2ms)
  Rendered pokemon/_pokemon.json.jbuilder (0.2ms)
  Rendered pokemon/_pokemon.json.jbuilder (0.2ms)
  Rendered pokemon/_pokemon.json.jbuilder (0.2ms)
  Rendered pokemon/_pokemon.json.jbuilder (0.2ms)
  Rendered pokemon/_pokemon.json.jbuilder (0.2ms)
  Rendered pokemon/_pokemon.json.jbuilder (0.4ms)
  Rendered pokemon/_pokemon.json.jbuilder (0.1ms)
  Rendered pokemon/_pokemon.json.jbuilder (0.1ms)
  Rendered pokemon/_pokemon.json.jbuilder (0.1ms)
  Rendered pokemon/_pokemon.json.jbuilder (0.1ms)
  Rendered pokemon/_pokemon.json.jbuilder (0.1ms)
  Rendered pokemon/_pokemon.json.jbuilder (0.1ms)
  Rendered pokemon/_pokemon.json.jbuilder (0.1ms)
  Rendered pokemon/_pokemon.json.jbuilder (0.1ms)
  Rendered pokemon/_pokemon.json.jbuilder (0.1ms)
  Rendered pokemon/_pokemon.json.jbuilder (0.3ms)
  Rendered pokemon/_pokemon.json.jbuilder (0.2ms)
  Rendered pokemon/_pokemon.json.jbuilder (0.2ms)
  Rendered pokemon/_pokemon.json.jbuilder (0.2ms)
  Rendered pokemon/_pokemon.json.jbuilder (0.2ms)
  Rendered pokemon/index.json.jbuilder (163.9ms)
Completed 200 OK in 199ms (Views: 174.7ms | ActiveRecord: 24.3ms)


Started GET "/" for 127.0.0.1 at 2015-03-03 10:48:08 -0500
Processing by StaticPagesController#root as HTML
  Rendered shared/_templates.html (0.6ms)
  Rendered static_pages/root.html.erb within layouts/application (1.4ms)
Completed 200 OK in 78ms (Views: 78.1ms | ActiveRecord: 0.0ms)


Started GET "/assets/application.css?body=1" for 127.0.0.1 at 2015-03-03 10:48:09 -0500


Started GET "/assets/jquery.js?body=1" for 127.0.0.1 at 2015-03-03 10:48:09 -0500


Started GET "/assets/jquery_ujs.js?body=1" for 127.0.0.1 at 2015-03-03 10:48:09 -0500


Started GET "/assets/underscore.js?body=1" for 127.0.0.1 at 2015-03-03 10:48:09 -0500


Started GET "/assets/backbone.js?body=1" for 127.0.0.1 at 2015-03-03 10:48:09 -0500


Started GET "/assets/jquery.serializejson.min.js?body=1" for 127.0.0.1 at 2015-03-03 10:48:09 -0500


Started GET "/assets/pokedex-0.js?body=1" for 127.0.0.1 at 2015-03-03 10:48:09 -0500


Started GET "/assets/pokedex-1A.js?body=1" for 127.0.0.1 at 2015-03-03 10:48:09 -0500


Started GET "/assets/pokedex-1B.js?body=1" for 127.0.0.1 at 2015-03-03 10:48:09 -0500


Started GET "/assets/pokedex-1C.js?body=1" for 127.0.0.1 at 2015-03-03 10:48:09 -0500


Started GET "/assets/pokedex-2.js?body=1" for 127.0.0.1 at 2015-03-03 10:48:09 -0500


Started GET "/assets/pokedex-3.js?body=1" for 127.0.0.1 at 2015-03-03 10:48:09 -0500


Started GET "/assets/pokedex-4.js?body=1" for 127.0.0.1 at 2015-03-03 10:48:09 -0500


Started GET "/assets/pokedex-5.js?body=1" for 127.0.0.1 at 2015-03-03 10:48:09 -0500


Started GET "/assets/pokedex-6.js?body=1" for 127.0.0.1 at 2015-03-03 10:48:09 -0500


Started GET "/assets/pokedex-7.js?body=1" for 127.0.0.1 at 2015-03-03 10:48:09 -0500


Started GET "/assets/application.js?body=1" for 127.0.0.1 at 2015-03-03 10:48:09 -0500


Started GET "/pokemon" for 127.0.0.1 at 2015-03-03 10:48:09 -0500
Processing by PokemonController#index as JSON
  [1m[36mPokemon Load (1.2ms)[0m  [1mSELECT "pokemons".* FROM "pokemons"[0m
  Rendered pokemon/_pokemon.json.jbuilder (0.3ms)
  Rendered pokemon/_pokemon.json.jbuilder (0.2ms)
  Rendered pokemon/_pokemon.json.jbuilder (0.2ms)
  Rendered pokemon/_pokemon.json.jbuilder (0.5ms)
  Rendered pokemon/_pokemon.json.jbuilder (0.2ms)
  Rendered pokemon/_pokemon.json.jbuilder (0.3ms)
  Rendered pokemon/_pokemon.json.jbuilder (0.3ms)
  Rendered pokemon/_pokemon.json.jbuilder (0.6ms)
  Rendered pokemon/_pokemon.json.jbuilder (0.4ms)
  Rendered pokemon/_pokemon.json.jbuilder (0.2ms)
  Rendered pokemon/_pokemon.json.jbuilder (0.1ms)
  Rendered pokemon/_pokemon.json.jbuilder (0.1ms)
  Rendered pokemon/_pokemon.json.jbuilder (0.1ms)
  Rendered pokemon/_pokemon.json.jbuilder (0.1ms)
  Rendered pokemon/_pokemon.json.jbuilder (0.1ms)
  Rendered pokemon/_pokemon.json.jbuilder (0.1ms)
  Rendered pokemon/_pokemon.json.jbuilder (0.1ms)
  Rendered pokemon/_pokemon.json.jbuilder (0.1ms)
  Rendered pokemon/_pokemon.json.jbuilder (0.1ms)
  Rendered pokemon/_pokemon.json.jbuilder (0.1ms)
  Rendered pokemon/_pokemon.json.jbuilder (0.1ms)
  Rendered pokemon/_pokemon.json.jbuilder (0.1ms)
  Rendered pokemon/_pokemon.json.jbuilder (0.4ms)
  Rendered pokemon/_pokemon.json.jbuilder (0.2ms)
  Rendered pokemon/_pokemon.json.jbuilder (0.3ms)
  Rendered pokemon/_pokemon.json.jbuilder (0.3ms)
  Rendered pokemon/_pokemon.json.jbuilder (0.2ms)
  Rendered pokemon/_pokemon.json.jbuilder (0.1ms)
  Rendered pokemon/_pokemon.json.jbuilder (0.1ms)
  Rendered pokemon/_pokemon.json.jbuilder (0.1ms)
  Rendered pokemon/_pokemon.json.jbuilder (0.1ms)
  Rendered pokemon/_pokemon.json.jbuilder (0.1ms)
  Rendered pokemon/_pokemon.json.jbuilder (0.1ms)
  Rendered pokemon/_pokemon.json.jbuilder (0.1ms)
  Rendered pokemon/_pokemon.json.jbuilder (0.7ms)
  Rendered pokemon/_pokemon.json.jbuilder (0.2ms)
  Rendered pokemon/_pokemon.json.jbuilder (0.1ms)
  Rendered pokemon/_pokemon.json.jbuilder (0.1ms)
  Rendered pokemon/_pokemon.json.jbuilder (0.1ms)
  Rendered pokemon/_pokemon.json.jbuilder (0.1ms)
  Rendered pokemon/_pokemon.json.jbuilder (0.1ms)
  Rendered pokemon/_pokemon.json.jbuilder (0.1ms)
  Rendered pokemon/_pokemon.json.jbuilder (0.1ms)
  Rendered pokemon/_pokemon.json.jbuilder (0.1ms)
  Rendered pokemon/_pokemon.json.jbuilder (0.1ms)
  Rendered pokemon/_pokemon.json.jbuilder (0.1ms)
  Rendered pokemon/_pokemon.json.jbuilder (0.1ms)
  Rendered pokemon/_pokemon.json.jbuilder (0.1ms)
  Rendered pokemon/_pokemon.json.jbuilder (0.1ms)
  Rendered pokemon/_pokemon.json.jbuilder (0.1ms)
  Rendered pokemon/_pokemon.json.jbuilder (0.2ms)
  Rendered pokemon/_pokemon.json.jbuilder (0.4ms)
  Rendered pokemon/_pokemon.json.jbuilder (0.2ms)
  Rendered pokemon/_pokemon.json.jbuilder (0.2ms)
  Rendered pokemon/_pokemon.json.jbuilder (0.1ms)
  Rendered pokemon/_pokemon.json.jbuilder (0.1ms)
  Rendered pokemon/_pokemon.json.jbuilder (0.1ms)
  Rendered pokemon/_pokemon.json.jbuilder (0.1ms)
  Rendered pokemon/_pokemon.json.jbuilder (0.1ms)
  Rendered pokemon/_pokemon.json.jbuilder (0.1ms)
  Rendered pokemon/_pokemon.json.jbuilder (0.2ms)
  Rendered pokemon/_pokemon.json.jbuilder (0.1ms)
  Rendered pokemon/_pokemon.json.jbuilder (0.3ms)
  Rendered pokemon/_pokemon.json.jbuilder (0.3ms)
  Rendered pokemon/_pokemon.json.jbuilder (0.3ms)
  Rendered pokemon/_pokemon.json.jbuilder (0.2ms)
  Rendered pokemon/_pokemon.json.jbuilder (0.1ms)
  Rendered pokemon/_pokemon.json.jbuilder (0.1ms)
  Rendered pokemon/_pokemon.json.jbuilder (0.2ms)
  Rendered pokemon/_pokemon.json.jbuilder (0.1ms)
  Rendered pokemon/_pokemon.json.jbuilder (0.1ms)
  Rendered pokemon/_pokemon.json.jbuilder (0.1ms)
  Rendered pokemon/_pokemon.json.jbuilder (0.1ms)
  Rendered pokemon/_pokemon.json.jbuilder (0.2ms)
  Rendered pokemon/_pokemon.json.jbuilder (0.1ms)
  Rendered pokemon/_pokemon.json.jbuilder (0.1ms)
  Rendered pokemon/_pokemon.json.jbuilder (0.1ms)
  Rendered pokemon/_pokemon.json.jbuilder (0.2ms)
  Rendered pokemon/_pokemon.json.jbuilder (0.2ms)
  Rendered pokemon/_pokemon.json.jbuilder (0.2ms)
  Rendered pokemon/_pokemon.json.jbuilder (0.2ms)
  Rendered pokemon/_pokemon.json.jbuilder (0.1ms)
  Rendered pokemon/_pokemon.json.jbuilder (0.1ms)
  Rendered pokemon/_pokemon.json.jbuilder (0.1ms)
  Rendered pokemon/_pokemon.json.jbuilder (0.1ms)
  Rendered pokemon/_pokemon.json.jbuilder (0.1ms)
  Rendered pokemon/_pokemon.json.jbuilder (0.2ms)
  Rendered pokemon/_pokemon.json.jbuilder (0.1ms)
  Rendered pokemon/_pokemon.json.jbuilder (0.1ms)
  Rendered pokemon/_pokemon.json.jbuilder (0.2ms)
  Rendered pokemon/_pokemon.json.jbuilder (0.3ms)
  Rendered pokemon/_pokemon.json.jbuilder (0.2ms)
  Rendered pokemon/_pokemon.json.jbuilder (0.1ms)
  Rendered pokemon/_pokemon.json.jbuilder (0.2ms)
  Rendered pokemon/_pokemon.json.jbuilder (0.2ms)
  Rendered pokemon/_pokemon.json.jbuilder (0.1ms)
  Rendered pokemon/_pokemon.json.jbuilder (0.1ms)
  Rendered pokemon/_pokemon.json.jbuilder (0.1ms)
  Rendered pokemon/_pokemon.json.jbuilder (0.1ms)
  Rendered pokemon/_pokemon.json.jbuilder (0.1ms)
  Rendered pokemon/_pokemon.json.jbuilder (0.1ms)
  Rendered pokemon/_pokemon.json.jbuilder (0.1ms)
  Rendered pokemon/_pokemon.json.jbuilder (0.1ms)
  Rendered pokemon/_pokemon.json.jbuilder (0.1ms)
  Rendered pokemon/_pokemon.json.jbuilder (0.2ms)
  Rendered pokemon/_pokemon.json.jbuilder (0.2ms)
  Rendered pokemon/_pokemon.json.jbuilder (0.1ms)
  Rendered pokemon/_pokemon.json.jbuilder (0.2ms)
  Rendered pokemon/_pokemon.json.jbuilder (0.2ms)
  Rendered pokemon/_pokemon.json.jbuilder (0.2ms)
  Rendered pokemon/_pokemon.json.jbuilder (0.2ms)
  Rendered pokemon/_pokemon.json.jbuilder (0.1ms)
  Rendered pokemon/_pokemon.json.jbuilder (0.2ms)
  Rendered pokemon/_pokemon.json.jbuilder (0.1ms)
  Rendered pokemon/_pokemon.json.jbuilder (0.1ms)
  Rendered pokemon/_pokemon.json.jbuilder (0.2ms)
  Rendered pokemon/_pokemon.json.jbuilder (0.1ms)
  Rendered pokemon/_pokemon.json.jbuilder (0.2ms)
  Rendered pokemon/_pokemon.json.jbuilder (0.4ms)
  Rendered pokemon/_pokemon.json.jbuilder (0.3ms)
  Rendered pokemon/_pokemon.json.jbuilder (0.2ms)
  Rendered pokemon/_pokemon.json.jbuilder (0.1ms)
  Rendered pokemon/_pokemon.json.jbuilder (0.2ms)
  Rendered pokemon/_pokemon.json.jbuilder (0.1ms)
  Rendered pokemon/_pokemon.json.jbuilder (0.1ms)
  Rendered pokemon/_pokemon.json.jbuilder (0.2ms)
  Rendered pokemon/_pokemon.json.jbuilder (0.1ms)
  Rendered pokemon/_pokemon.json.jbuilder (0.1ms)
  Rendered pokemon/_pokemon.json.jbuilder (0.2ms)
  Rendered pokemon/_pokemon.json.jbuilder (0.2ms)
  Rendered pokemon/_pokemon.json.jbuilder (0.1ms)
  Rendered pokemon/_pokemon.json.jbuilder (0.1ms)
  Rendered pokemon/_pokemon.json.jbuilder (0.2ms)
  Rendered pokemon/index.json.jbuilder (102.6ms)
Completed 200 OK in 105ms (Views: 103.2ms | ActiveRecord: 1.2ms)


Started GET "/" for 127.0.0.1 at 2015-03-03 10:48:17 -0500
Processing by StaticPagesController#root as HTML
  Rendered shared/_templates.html (0.8ms)
  Rendered static_pages/root.html.erb within layouts/application (2.0ms)
Completed 200 OK in 97ms (Views: 96.9ms | ActiveRecord: 0.0ms)


Started GET "/assets/application.css?body=1" for 127.0.0.1 at 2015-03-03 10:48:17 -0500


Started GET "/assets/jquery.serializejson.min.js?body=1" for 127.0.0.1 at 2015-03-03 10:48:17 -0500


Started GET "/assets/backbone.js?body=1" for 127.0.0.1 at 2015-03-03 10:48:17 -0500


Started GET "/assets/jquery_ujs.js?body=1" for 127.0.0.1 at 2015-03-03 10:48:17 -0500


Started GET "/assets/jquery.js?body=1" for 127.0.0.1 at 2015-03-03 10:48:17 -0500


Started GET "/assets/underscore.js?body=1" for 127.0.0.1 at 2015-03-03 10:48:17 -0500


Started GET "/assets/pokedex-0.js?body=1" for 127.0.0.1 at 2015-03-03 10:48:17 -0500


Started GET "/assets/pokedex-1A.js?body=1" for 127.0.0.1 at 2015-03-03 10:48:17 -0500


Started GET "/assets/pokedex-1B.js?body=1" for 127.0.0.1 at 2015-03-03 10:48:17 -0500


Started GET "/assets/pokedex-1C.js?body=1" for 127.0.0.1 at 2015-03-03 10:48:17 -0500


Started GET "/assets/pokedex-2.js?body=1" for 127.0.0.1 at 2015-03-03 10:48:17 -0500


Started GET "/assets/pokedex-3.js?body=1" for 127.0.0.1 at 2015-03-03 10:48:17 -0500


Started GET "/assets/pokedex-4.js?body=1" for 127.0.0.1 at 2015-03-03 10:48:17 -0500


Started GET "/assets/pokedex-5.js?body=1" for 127.0.0.1 at 2015-03-03 10:48:17 -0500


Started GET "/assets/pokedex-6.js?body=1" for 127.0.0.1 at 2015-03-03 10:48:17 -0500


Started GET "/assets/pokedex-7.js?body=1" for 127.0.0.1 at 2015-03-03 10:48:17 -0500


Started GET "/assets/application.js?body=1" for 127.0.0.1 at 2015-03-03 10:48:17 -0500


Started GET "/pokemon" for 127.0.0.1 at 2015-03-03 10:48:17 -0500
Processing by PokemonController#index as JSON
  [1m[35mPokemon Load (1.1ms)[0m  SELECT "pokemons".* FROM "pokemons"
  Rendered pokemon/_pokemon.json.jbuilder (0.3ms)
  Rendered pokemon/_pokemon.json.jbuilder (0.3ms)
  Rendered pokemon/_pokemon.json.jbuilder (0.3ms)
  Rendered pokemon/_pokemon.json.jbuilder (0.2ms)
  Rendered pokemon/_pokemon.json.jbuilder (0.4ms)
  Rendered pokemon/_pokemon.json.jbuilder (0.2ms)
  Rendered pokemon/_pokemon.json.jbuilder (0.1ms)
  Rendered pokemon/_pokemon.json.jbuilder (0.2ms)
  Rendered pokemon/_pokemon.json.jbuilder (0.1ms)
  Rendered pokemon/_pokemon.json.jbuilder (0.2ms)
  Rendered pokemon/_pokemon.json.jbuilder (0.1ms)
  Rendered pokemon/_pokemon.json.jbuilder (0.1ms)
  Rendered pokemon/_pokemon.json.jbuilder (0.1ms)
  Rendered pokemon/_pokemon.json.jbuilder (0.1ms)
  Rendered pokemon/_pokemon.json.jbuilder (0.1ms)
  Rendered pokemon/_pokemon.json.jbuilder (0.1ms)
  Rendered pokemon/_pokemon.json.jbuilder (0.2ms)
  Rendered pokemon/_pokemon.json.jbuilder (0.1ms)
  Rendered pokemon/_pokemon.json.jbuilder (0.3ms)
  Rendered pokemon/_pokemon.json.jbuilder (0.2ms)
  Rendered pokemon/_pokemon.json.jbuilder (0.3ms)
  Rendered pokemon/_pokemon.json.jbuilder (0.3ms)
  Rendered pokemon/_pokemon.json.jbuilder (0.3ms)
  Rendered pokemon/_pokemon.json.jbuilder (0.2ms)
  Rendered pokemon/_pokemon.json.jbuilder (0.1ms)
  Rendered pokemon/_pokemon.json.jbuilder (0.2ms)
  Rendered pokemon/_pokemon.json.jbuilder (0.2ms)
  Rendered pokemon/_pokemon.json.jbuilder (0.1ms)
  Rendered pokemon/_pokemon.json.jbuilder (0.1ms)
  Rendered pokemon/_pokemon.json.jbuilder (0.2ms)
  Rendered pokemon/_pokemon.json.jbuilder (0.1ms)
  Rendered pokemon/_pokemon.json.jbuilder (0.1ms)
  Rendered pokemon/_pokemon.json.jbuilder (0.2ms)
  Rendered pokemon/_pokemon.json.jbuilder (0.1ms)
  Rendered pokemon/_pokemon.json.jbuilder (0.2ms)
  Rendered pokemon/_pokemon.json.jbuilder (0.1ms)
  Rendered pokemon/_pokemon.json.jbuilder (0.2ms)
  Rendered pokemon/_pokemon.json.jbuilder (0.2ms)
  Rendered pokemon/_pokemon.json.jbuilder (0.1ms)
  Rendered pokemon/_pokemon.json.jbuilder (0.3ms)
  Rendered pokemon/_pokemon.json.jbuilder (0.2ms)
  Rendered pokemon/_pokemon.json.jbuilder (0.1ms)
  Rendered pokemon/_pokemon.json.jbuilder (0.1ms)
  Rendered pokemon/_pokemon.json.jbuilder (0.1ms)
  Rendered pokemon/_pokemon.json.jbuilder (0.2ms)
  Rendered pokemon/_pokemon.json.jbuilder (0.1ms)
  Rendered pokemon/_pokemon.json.jbuilder (0.2ms)
  Rendered pokemon/_pokemon.json.jbuilder (0.2ms)
  Rendered pokemon/_pokemon.json.jbuilder (0.1ms)
  Rendered pokemon/_pokemon.json.jbuilder (0.1ms)
  Rendered pokemon/_pokemon.json.jbuilder (0.1ms)
  Rendered pokemon/_pokemon.json.jbuilder (0.2ms)
  Rendered pokemon/_pokemon.json.jbuilder (0.1ms)
  Rendered pokemon/_pokemon.json.jbuilder (0.2ms)
  Rendered pokemon/_pokemon.json.jbuilder (0.1ms)
  Rendered pokemon/_pokemon.json.jbuilder (0.1ms)
  Rendered pokemon/_pokemon.json.jbuilder (0.2ms)
  Rendered pokemon/_pokemon.json.jbuilder (0.1ms)
  Rendered pokemon/_pokemon.json.jbuilder (0.1ms)
  Rendered pokemon/_pokemon.json.jbuilder (0.1ms)
  Rendered pokemon/_pokemon.json.jbuilder (0.1ms)
  Rendered pokemon/_pokemon.json.jbuilder (0.2ms)
  Rendered pokemon/_pokemon.json.jbuilder (0.1ms)
  Rendered pokemon/_pokemon.json.jbuilder (0.2ms)
  Rendered pokemon/_pokemon.json.jbuilder (0.1ms)
  Rendered pokemon/_pokemon.json.jbuilder (0.1ms)
  Rendered pokemon/_pokemon.json.jbuilder (0.1ms)
  Rendered pokemon/_pokemon.json.jbuilder (0.2ms)
  Rendered pokemon/_pokemon.json.jbuilder (0.1ms)
  Rendered pokemon/_pokemon.json.jbuilder (0.1ms)
  Rendered pokemon/_pokemon.json.jbuilder (0.2ms)
  Rendered pokemon/_pokemon.json.jbuilder (0.1ms)
  Rendered pokemon/_pokemon.json.jbuilder (0.2ms)
  Rendered pokemon/_pokemon.json.jbuilder (0.2ms)
  Rendered pokemon/_pokemon.json.jbuilder (0.2ms)
  Rendered pokemon/_pokemon.json.jbuilder (0.3ms)
  Rendered pokemon/_pokemon.json.jbuilder (0.3ms)
  Rendered pokemon/_pokemon.json.jbuilder (0.2ms)
  Rendered pokemon/_pokemon.json.jbuilder (0.2ms)
  Rendered pokemon/_pokemon.json.jbuilder (0.2ms)
  Rendered pokemon/_pokemon.json.jbuilder (0.3ms)
  Rendered pokemon/_pokemon.json.jbuilder (0.2ms)
  Rendered pokemon/_pokemon.json.jbuilder (0.2ms)
  Rendered pokemon/_pokemon.json.jbuilder (0.1ms)
  Rendered pokemon/_pokemon.json.jbuilder (0.2ms)
  Rendered pokemon/_pokemon.json.jbuilder (0.1ms)
  Rendered pokemon/_pokemon.json.jbuilder (0.1ms)
  Rendered pokemon/_pokemon.json.jbuilder (0.2ms)
  Rendered pokemon/_pokemon.json.jbuilder (0.1ms)
  Rendered pokemon/_pokemon.json.jbuilder (0.1ms)
  Rendered pokemon/_pokemon.json.jbuilder (0.2ms)
  Rendered pokemon/_pokemon.json.jbuilder (0.1ms)
  Rendered pokemon/_pokemon.json.jbuilder (0.1ms)
  Rendered pokemon/_pokemon.json.jbuilder (0.2ms)
  Rendered pokemon/_pokemon.json.jbuilder (0.1ms)
  Rendered pokemon/_pokemon.json.jbuilder (0.1ms)
  Rendered pokemon/_pokemon.json.jbuilder (0.1ms)
  Rendered pokemon/_pokemon.json.jbuilder (0.1ms)
  Rendered pokemon/_pokemon.json.jbuilder (0.1ms)
  Rendered pokemon/_pokemon.json.jbuilder (0.1ms)
  Rendered pokemon/_pokemon.json.jbuilder (0.1ms)
  Rendered pokemon/_pokemon.json.jbuilder (0.1ms)
  Rendered pokemon/_pokemon.json.jbuilder (0.1ms)
  Rendered pokemon/_pokemon.json.jbuilder (0.2ms)
  Rendered pokemon/_pokemon.json.jbuilder (0.4ms)
  Rendered pokemon/_pokemon.json.jbuilder (0.2ms)
  Rendered pokemon/_pokemon.json.jbuilder (0.1ms)
  Rendered pokemon/_pokemon.json.jbuilder (0.1ms)
  Rendered pokemon/_pokemon.json.jbuilder (0.1ms)
  Rendered pokemon/_pokemon.json.jbuilder (0.1ms)
  Rendered pokemon/_pokemon.json.jbuilder (0.2ms)
  Rendered pokemon/_pokemon.json.jbuilder (0.1ms)
  Rendered pokemon/_pokemon.json.jbuilder (0.2ms)
  Rendered pokemon/_pokemon.json.jbuilder (0.1ms)
  Rendered pokemon/_pokemon.json.jbuilder (0.1ms)
  Rendered pokemon/_pokemon.json.jbuilder (0.2ms)
  Rendered pokemon/_pokemon.json.jbuilder (0.1ms)
  Rendered pokemon/_pokemon.json.jbuilder (0.1ms)
  Rendered pokemon/_pokemon.json.jbuilder (0.2ms)
  Rendered pokemon/_pokemon.json.jbuilder (0.1ms)
  Rendered pokemon/_pokemon.json.jbuilder (0.1ms)
  Rendered pokemon/_pokemon.json.jbuilder (0.2ms)
  Rendered pokemon/_pokemon.json.jbuilder (0.1ms)
  Rendered pokemon/_pokemon.json.jbuilder (0.1ms)
  Rendered pokemon/_pokemon.json.jbuilder (0.1ms)
  Rendered pokemon/_pokemon.json.jbuilder (0.2ms)
  Rendered pokemon/_pokemon.json.jbuilder (0.1ms)
  Rendered pokemon/_pokemon.json.jbuilder (0.1ms)
  Rendered pokemon/_pokemon.json.jbuilder (0.2ms)
  Rendered pokemon/_pokemon.json.jbuilder (0.1ms)
  Rendered pokemon/_pokemon.json.jbuilder (0.2ms)
  Rendered pokemon/_pokemon.json.jbuilder (0.1ms)
  Rendered pokemon/_pokemon.json.jbuilder (0.2ms)
  Rendered pokemon/index.json.jbuilder (97.2ms)
Completed 200 OK in 99ms (Views: 97.8ms | ActiveRecord: 1.1ms)


Started GET "/" for 127.0.0.1 at 2015-03-03 10:48:51 -0500
Processing by StaticPagesController#root as HTML
  Rendered shared/_templates.html (0.1ms)
  Rendered static_pages/root.html.erb within layouts/application (1.0ms)
Completed 200 OK in 103ms (Views: 102.5ms | ActiveRecord: 0.0ms)


Started GET "/assets/jquery.js?body=1" for 127.0.0.1 at 2015-03-03 10:48:51 -0500


Started GET "/assets/application.css?body=1" for 127.0.0.1 at 2015-03-03 10:48:51 -0500


Started GET "/assets/jquery.serializejson.min.js?body=1" for 127.0.0.1 at 2015-03-03 10:48:51 -0500


Started GET "/assets/jquery_ujs.js?body=1" for 127.0.0.1 at 2015-03-03 10:48:51 -0500


Started GET "/assets/underscore.js?body=1" for 127.0.0.1 at 2015-03-03 10:48:51 -0500


Started GET "/assets/backbone.js?body=1" for 127.0.0.1 at 2015-03-03 10:48:51 -0500


Started GET "/assets/pokedex-0.js?body=1" for 127.0.0.1 at 2015-03-03 10:48:51 -0500


Started GET "/assets/pokedex-1A.js?body=1" for 127.0.0.1 at 2015-03-03 10:48:51 -0500


Started GET "/assets/pokedex-1B.js?body=1" for 127.0.0.1 at 2015-03-03 10:48:51 -0500


Started GET "/assets/pokedex-1C.js?body=1" for 127.0.0.1 at 2015-03-03 10:48:51 -0500


Started GET "/assets/pokedex-2.js?body=1" for 127.0.0.1 at 2015-03-03 10:48:51 -0500


Started GET "/assets/pokedex-3.js?body=1" for 127.0.0.1 at 2015-03-03 10:48:51 -0500


Started GET "/assets/pokedex-4.js?body=1" for 127.0.0.1 at 2015-03-03 10:48:51 -0500


Started GET "/assets/pokedex-5.js?body=1" for 127.0.0.1 at 2015-03-03 10:48:51 -0500


Started GET "/assets/pokedex-6.js?body=1" for 127.0.0.1 at 2015-03-03 10:48:51 -0500


Started GET "/assets/pokedex-7.js?body=1" for 127.0.0.1 at 2015-03-03 10:48:51 -0500


Started GET "/assets/application.js?body=1" for 127.0.0.1 at 2015-03-03 10:48:51 -0500


Started GET "/pokemon" for 127.0.0.1 at 2015-03-03 10:48:51 -0500
Processing by PokemonController#index as JSON
  [1m[36mPokemon Load (1.2ms)[0m  [1mSELECT "pokemons".* FROM "pokemons"[0m
  Rendered pokemon/_pokemon.json.jbuilder (0.3ms)
  Rendered pokemon/_pokemon.json.jbuilder (0.2ms)
  Rendered pokemon/_pokemon.json.jbuilder (0.2ms)
  Rendered pokemon/_pokemon.json.jbuilder (0.2ms)
  Rendered pokemon/_pokemon.json.jbuilder (0.4ms)
  Rendered pokemon/_pokemon.json.jbuilder (0.3ms)
  Rendered pokemon/_pokemon.json.jbuilder (0.3ms)
  Rendered pokemon/_pokemon.json.jbuilder (0.2ms)
  Rendered pokemon/_pokemon.json.jbuilder (0.2ms)
  Rendered pokemon/_pokemon.json.jbuilder (0.8ms)
  Rendered pokemon/_pokemon.json.jbuilder (0.3ms)
  Rendered pokemon/_pokemon.json.jbuilder (0.2ms)
  Rendered pokemon/_pokemon.json.jbuilder (0.1ms)
  Rendered pokemon/_pokemon.json.jbuilder (0.1ms)
  Rendered pokemon/_pokemon.json.jbuilder (0.1ms)
  Rendered pokemon/_pokemon.json.jbuilder (0.1ms)
  Rendered pokemon/_pokemon.json.jbuilder (0.1ms)
  Rendered pokemon/_pokemon.json.jbuilder (0.1ms)
  Rendered pokemon/_pokemon.json.jbuilder (0.1ms)
  Rendered pokemon/_pokemon.json.jbuilder (0.2ms)
  Rendered pokemon/_pokemon.json.jbuilder (0.1ms)
  Rendered pokemon/_pokemon.json.jbuilder (0.2ms)
  Rendered pokemon/_pokemon.json.jbuilder (0.1ms)
  Rendered pokemon/_pokemon.json.jbuilder (0.1ms)
  Rendered pokemon/_pokemon.json.jbuilder (0.2ms)
  Rendered pokemon/_pokemon.json.jbuilder (0.2ms)
  Rendered pokemon/_pokemon.json.jbuilder (0.2ms)
  Rendered pokemon/_pokemon.json.jbuilder (0.3ms)
  Rendered pokemon/_pokemon.json.jbuilder (0.2ms)
  Rendered pokemon/_pokemon.json.jbuilder (0.2ms)
  Rendered pokemon/_pokemon.json.jbuilder (0.2ms)
  Rendered pokemon/_pokemon.json.jbuilder (0.2ms)
  Rendered pokemon/_pokemon.json.jbuilder (0.4ms)
  Rendered pokemon/_pokemon.json.jbuilder (0.1ms)
  Rendered pokemon/_pokemon.json.jbuilder (0.2ms)
  Rendered pokemon/_pokemon.json.jbuilder (0.2ms)
  Rendered pokemon/_pokemon.json.jbuilder (0.2ms)
  Rendered pokemon/_pokemon.json.jbuilder (0.2ms)
  Rendered pokemon/_pokemon.json.jbuilder (0.1ms)
  Rendered pokemon/_pokemon.json.jbuilder (0.1ms)
  Rendered pokemon/_pokemon.json.jbuilder (0.2ms)
  Rendered pokemon/_pokemon.json.jbuilder (0.1ms)
  Rendered pokemon/_pokemon.json.jbuilder (0.1ms)
  Rendered pokemon/_pokemon.json.jbuilder (0.1ms)
  Rendered pokemon/_pokemon.json.jbuilder (0.1ms)
  Rendered pokemon/_pokemon.json.jbuilder (0.2ms)
  Rendered pokemon/_pokemon.json.jbuilder (0.2ms)
  Rendered pokemon/_pokemon.json.jbuilder (0.3ms)
  Rendered pokemon/_pokemon.json.jbuilder (0.3ms)
  Rendered pokemon/_pokemon.json.jbuilder (0.2ms)
  Rendered pokemon/_pokemon.json.jbuilder (0.2ms)
  Rendered pokemon/_pokemon.json.jbuilder (0.1ms)
  Rendered pokemon/_pokemon.json.jbuilder (0.1ms)
  Rendered pokemon/_pokemon.json.jbuilder (0.2ms)
  Rendered pokemon/_pokemon.json.jbuilder (0.1ms)
  Rendered pokemon/_pokemon.json.jbuilder (0.4ms)
  Rendered pokemon/_pokemon.json.jbuilder (0.1ms)
  Rendered pokemon/_pokemon.json.jbuilder (0.1ms)
  Rendered pokemon/_pokemon.json.jbuilder (0.2ms)
  Rendered pokemon/_pokemon.json.jbuilder (0.2ms)
  Rendered pokemon/_pokemon.json.jbuilder (0.5ms)
  Rendered pokemon/_pokemon.json.jbuilder (0.2ms)
  Rendered pokemon/_pokemon.json.jbuilder (0.2ms)
  Rendered pokemon/_pokemon.json.jbuilder (0.2ms)
  Rendered pokemon/_pokemon.json.jbuilder (0.1ms)
  Rendered pokemon/_pokemon.json.jbuilder (0.1ms)
  Rendered pokemon/_pokemon.json.jbuilder (0.1ms)
  Rendered pokemon/_pokemon.json.jbuilder (0.1ms)
  Rendered pokemon/_pokemon.json.jbuilder (0.1ms)
  Rendered pokemon/_pokemon.json.jbuilder (0.1ms)
  Rendered pokemon/_pokemon.json.jbuilder (0.3ms)
  Rendered pokemon/_pokemon.json.jbuilder (0.3ms)
  Rendered pokemon/_pokemon.json.jbuilder (0.3ms)
  Rendered pokemon/_pokemon.json.jbuilder (0.3ms)
  Rendered pokemon/_pokemon.json.jbuilder (0.2ms)
  Rendered pokemon/_pokemon.json.jbuilder (0.3ms)
  Rendered pokemon/_pokemon.json.jbuilder (0.1ms)
  Rendered pokemon/_pokemon.json.jbuilder (0.2ms)
  Rendered pokemon/_pokemon.json.jbuilder (0.4ms)
  Rendered pokemon/_pokemon.json.jbuilder (0.1ms)
  Rendered pokemon/_pokemon.json.jbuilder (0.2ms)
  Rendered pokemon/_pokemon.json.jbuilder (0.2ms)
  Rendered pokemon/_pokemon.json.jbuilder (0.2ms)
  Rendered pokemon/_pokemon.json.jbuilder (0.2ms)
  Rendered pokemon/_pokemon.json.jbuilder (0.2ms)
  Rendered pokemon/_pokemon.json.jbuilder (0.2ms)
  Rendered pokemon/_pokemon.json.jbuilder (0.2ms)
  Rendered pokemon/_pokemon.json.jbuilder (0.3ms)
  Rendered pokemon/_pokemon.json.jbuilder (0.2ms)
  Rendered pokemon/_pokemon.json.jbuilder (0.1ms)
  Rendered pokemon/_pokemon.json.jbuilder (0.1ms)
  Rendered pokemon/_pokemon.json.jbuilder (0.2ms)
  Rendered pokemon/_pokemon.json.jbuilder (0.1ms)
  Rendered pokemon/_pokemon.json.jbuilder (0.1ms)
  Rendered pokemon/_pokemon.json.jbuilder (0.1ms)
  Rendered pokemon/_pokemon.json.jbuilder (0.1ms)
  Rendered pokemon/_pokemon.json.jbuilder (0.2ms)
  Rendered pokemon/_pokemon.json.jbuilder (0.1ms)
  Rendered pokemon/_pokemon.json.jbuilder (0.1ms)
  Rendered pokemon/_pokemon.json.jbuilder (0.2ms)
  Rendered pokemon/_pokemon.json.jbuilder (0.1ms)
  Rendered pokemon/_pokemon.json.jbuilder (0.4ms)
  Rendered pokemon/_pokemon.json.jbuilder (0.1ms)
  Rendered pokemon/_pokemon.json.jbuilder (0.1ms)
  Rendered pokemon/_pokemon.json.jbuilder (0.2ms)
  Rendered pokemon/_pokemon.json.jbuilder (0.2ms)
  Rendered pokemon/_pokemon.json.jbuilder (0.2ms)
  Rendered pokemon/_pokemon.json.jbuilder (0.1ms)
  Rendered pokemon/_pokemon.json.jbuilder (0.1ms)
  Rendered pokemon/_pokemon.json.jbuilder (0.2ms)
  Rendered pokemon/_pokemon.json.jbuilder (0.1ms)
  Rendered pokemon/_pokemon.json.jbuilder (0.2ms)
  Rendered pokemon/_pokemon.json.jbuilder (0.2ms)
  Rendered pokemon/_pokemon.json.jbuilder (0.1ms)
  Rendered pokemon/_pokemon.json.jbuilder (0.1ms)
  Rendered pokemon/_pokemon.json.jbuilder (0.1ms)
  Rendered pokemon/_pokemon.json.jbuilder (0.2ms)
  Rendered pokemon/_pokemon.json.jbuilder (0.3ms)
  Rendered pokemon/_pokemon.json.jbuilder (0.2ms)
  Rendered pokemon/_pokemon.json.jbuilder (0.2ms)
  Rendered pokemon/_pokemon.json.jbuilder (0.1ms)
  Rendered pokemon/_pokemon.json.jbuilder (0.2ms)
  Rendered pokemon/_pokemon.json.jbuilder (0.2ms)
  Rendered pokemon/_pokemon.json.jbuilder (0.1ms)
  Rendered pokemon/_pokemon.json.jbuilder (0.1ms)
  Rendered pokemon/_pokemon.json.jbuilder (0.1ms)
  Rendered pokemon/_pokemon.json.jbuilder (0.3ms)
  Rendered pokemon/_pokemon.json.jbuilder (0.1ms)
  Rendered pokemon/_pokemon.json.jbuilder (0.1ms)
  Rendered pokemon/_pokemon.json.jbuilder (0.2ms)
  Rendered pokemon/_pokemon.json.jbuilder (0.1ms)
  Rendered pokemon/_pokemon.json.jbuilder (0.2ms)
  Rendered pokemon/_pokemon.json.jbuilder (0.2ms)
  Rendered pokemon/index.json.jbuilder (101.2ms)
Completed 200 OK in 104ms (Views: 102.3ms | ActiveRecord: 1.2ms)


Started GET "/pokemon/133" for 127.0.0.1 at 2015-03-03 10:49:00 -0500
Processing by PokemonController#show as JSON
  Parameters: {"id"=>"133"}
  [1m[35mPokemon Load (0.5ms)[0m  SELECT  "pokemons".* FROM "pokemons"  WHERE "pokemons"."id" = $1 LIMIT 1  [["id", 133]]
  [1m[36mToy Load (1.1ms)[0m  [1mSELECT "toys".* FROM "toys"  WHERE "toys"."pokemon_id" = $1[0m  [["pokemon_id", 133]]
  Rendered pokemon/_pokemon.json.jbuilder (47.5ms)
  Rendered pokemon/show.json.jbuilder (48.5ms)
Completed 200 OK in 97ms (Views: 91.0ms | ActiveRecord: 3.0ms)


Started GET "/pokemon/133" for 127.0.0.1 at 2015-03-03 10:49:10 -0500
Processing by PokemonController#show as JSON
  Parameters: {"id"=>"133"}
  [1m[35mPokemon Load (0.7ms)[0m  SELECT  "pokemons".* FROM "pokemons"  WHERE "pokemons"."id" = $1 LIMIT 1  [["id", 133]]
  [1m[36mToy Load (0.5ms)[0m  [1mSELECT "toys".* FROM "toys"  WHERE "toys"."pokemon_id" = $1[0m  [["pokemon_id", 133]]
  Rendered pokemon/_pokemon.json.jbuilder (1.4ms)
  Rendered pokemon/show.json.jbuilder (2.1ms)
Completed 200 OK in 6ms (Views: 3.4ms | ActiveRecord: 1.2ms)


Started GET "/assets/application.css?body=1" for 127.0.0.1 at 2015-03-03 10:49:39 -0500
